# JRE version: 7.0_11-b21
# Java VM: Java HotSpot(TM) 64-Bit Server VM (23.6-b04 mixed mode windows-amd64 compressed oops)
Heap
 PSYoungGen      total 93184K, used 49654K [0x00000000ebe00000, 0x00000000f3430000, 0x0000000100000000)
  eden space 92992K, 53% used [0x00000000ebe00000,0x00000000eee7d8d8,0x00000000f18d0000)
  from space 192K, 0% used [0x00000000f3400000,0x00000000f3400000,0x00000000f3430000)
  to   space 6592K, 0% used [0x00000000f2750000,0x00000000f2750000,0x00000000f2dc0000)
 ParOldGen       total 232896K, used 10738K [0x00000000c3a00000, 0x00000000d1d70000, 0x00000000ebe00000)
  object space 232896K, 4% used [0x00000000c3a00000,0x00000000c447c9a0,0x00000000d1d70000)
 PSPermGen       total 21248K, used 10475K [0x00000000be800000, 0x00000000bfcc0000, 0x00000000c3a00000)
  object space 21248K, 49% used [0x00000000be800000,0x00000000bf23aec0,0x00000000bfcc0000)
GC Heap History (10 events):
Event: 1655.087 GC heap before
{Heap before GC invocations=3742 (full 125):
 PSYoungGen      total 99584K, used 99547K [0x00000000ebe00000, 0x00000000f4250000, 0x0000000100000000)
  eden space 99392K, 99% used [0x00000000ebe00000,0x00000000f1f0ec88,0x00000000f1f10000)
  from space 192K, 83% used [0x00000000f4220000,0x00000000f4248000,0x00000000f4250000)
  to   space 8000K, 0% used [0x00000000f32b0000,0x00000000f32b0000,0x00000000f3a80000)
 ParOldGen       total 243648K, used 169277K [0x00000000c3a00000, 0x00000000d27f0000, 0x00000000ebe00000)
  object space 243648K, 69% used [0x00000000c3a00000,0x00000000cdf4f6c8,0x00000000d27f0000)
 PSPermGen       total 21248K, used 10458K [0x00000000be800000, 0x00000000bfcc0000, 0x00000000c3a00000)
  object space 21248K, 49% used [0x00000000be800000,0x00000000bf236960,0x00000000bfcc0000)
Event: 1655.088 GC heap after
Heap after GC invocations=3742 (full 125):
 PSYoungGen      total 105728K, used 128K [0x00000000ebe00000, 0x00000000f4230000, 0x0000000100000000)
  eden space 97728K, 0% used [0x00000000ebe00000,0x00000000ebe00000,0x00000000f1d70000)
  from space 8000K, 1% used [0x00000000f32b0000,0x00000000f32d0000,0x00000000f3a80000)
  to   space 7680K, 0% used [0x00000000f3ab0000,0x00000000f3ab0000,0x00000000f4230000)
 ParOldGen       total 243648K, used 169301K [0x00000000c3a00000, 0x00000000d27f0000, 0x00000000ebe00000)
  object space 243648K, 69% used [0x00000000c3a00000,0x00000000cdf556c8,0x00000000d27f0000)
 PSPermGen       total 21248K, used 10458K [0x00000000be800000, 0x00000000bfcc0000, 0x00000000c3a00000)
  object space 21248K, 49% used [0x00000000be800000,0x00000000bf236960,0x00000000bfcc0000)
}
Event: 1655.457 GC heap before
{Heap before GC invocations=3743 (full 125):
 PSYoungGen      total 105728K, used 93427K [0x00000000ebe00000, 0x00000000f4230000, 0x0000000100000000)
  eden space 97728K, 95% used [0x00000000ebe00000,0x00000000f191cc68,0x00000000f1d70000)
  from space 8000K, 1% used [0x00000000f32b0000,0x00000000f32d0000,0x00000000f3a80000)
  to   space 7680K, 0% used [0x00000000f3ab0000,0x00000000f3ab0000,0x00000000f4230000)
 ParOldGen       total 243648K, used 169301K [0x00000000c3a00000, 0x00000000d27f0000, 0x00000000ebe00000)
  object space 243648K, 69% used [0x00000000c3a00000,0x00000000cdf556c8,0x00000000d27f0000)
 PSPermGen       total 21248K, used 10460K [0x00000000be800000, 0x00000000bfcc0000, 0x00000000c3a00000)
  object space 21248K, 49% used [0x00000000be800000,0x00000000bf237070,0x00000000bfcc0000)
Event: 1655.467 GC heap after
Heap after GC invocations=3743 (full 125):
 PSYoungGen      total 96320K, used 160K [0x00000000ebe00000, 0x00000000f3ae0000, 0x0000000100000000)
  eden space 96128K, 0% used [0x00000000ebe00000,0x00000000ebe00000,0x00000000f1be0000)
  from space 192K, 83% used [0x00000000f3ab0000,0x00000000f3ad8000,0x00000000f3ae0000)
  to   space 7296K, 0% used [0x00000000f2ca0000,0x00000000f2ca0000,0x00000000f33c0000)
 ParOldGen       total 243648K, used 193601K [0x00000000c3a00000, 0x00000000d27f0000, 0x00000000ebe00000)
  object space 243648K, 79% used [0x00000000c3a00000,0x00000000cf7106f8,0x00000000d27f0000)
 PSPermGen       total 21248K, used 10460K [0x00000000be800000, 0x00000000bfcc0000, 0x00000000c3a00000)
  object space 21248K, 49% used [0x00000000be800000,0x00000000bf237070,0x00000000bfcc0000)
}
Event: 1655.791 GC heap before
{Heap before GC invocations=3744 (full 125):
 PSYoungGen      total 96320K, used 91394K [0x00000000ebe00000, 0x00000000f3ae0000, 0x0000000100000000)
  eden space 96128K, 94% used [0x00000000ebe00000,0x00000000f17189a8,0x00000000f1be0000)
  from space 192K, 83% used [0x00000000f3ab0000,0x00000000f3ad8000,0x00000000f3ae0000)
  to   space 7296K, 0% used [0x00000000f2ca0000,0x00000000f2ca0000,0x00000000f33c0000)
 ParOldGen       total 243648K, used 193601K [0x00000000c3a00000, 0x00000000d27f0000, 0x00000000ebe00000)
  object space 243648K, 79% used [0x00000000c3a00000,0x00000000cf7106f8,0x00000000d27f0000)
 PSPermGen       total 21248K, used 10460K [0x00000000be800000, 0x00000000bfcc0000, 0x00000000c3a00000)
  object space 21248K, 49% used [0x00000000be800000,0x00000000bf237070,0x00000000bfcc0000)
Event: 1655.792 GC heap after
Heap after GC invocations=3744 (full 125):
 PSYoungGen      total 101824K, used 96K [0x00000000ebe00000, 0x00000000f3ac0000, 0x0000000100000000)
  eden space 94528K, 0% used [0x00000000ebe00000,0x00000000ebe00000,0x00000000f1a50000)
  from space 7296K, 1% used [0x00000000f2ca0000,0x00000000f2cb8000,0x00000000f33c0000)
  to   space 6912K, 0% used [0x00000000f3400000,0x00000000f3400000,0x00000000f3ac0000)
 ParOldGen       total 243648K, used 193633K [0x00000000c3a00000, 0x00000000d27f0000, 0x00000000ebe00000)
  object space 243648K, 79% used [0x00000000c3a00000,0x00000000cf7186f8,0x00000000d27f0000)
 PSPermGen       total 21248K, used 10460K [0x00000000be800000, 0x00000000bfcc0000, 0x00000000c3a00000)
  object space 21248K, 49% used [0x00000000be800000,0x00000000bf237070,0x00000000bfcc0000)
}
Event: 1656.139 GC heap before
{Heap before GC invocations=3745 (full 125):
 PSYoungGen      total 101824K, used 93355K [0x00000000ebe00000, 0x00000000f3ac0000, 0x0000000100000000)
  eden space 94528K, 98% used [0x00000000ebe00000,0x00000000f1912ca0,0x00000000f1a50000)
  from space 7296K, 1% used [0x00000000f2ca0000,0x00000000f2cb8000,0x00000000f33c0000)
  to   space 6912K, 0% used [0x00000000f3400000,0x00000000f3400000,0x00000000f3ac0000)
 ParOldGen       total 243648K, used 193633K [0x00000000c3a00000, 0x00000000d27f0000, 0x00000000ebe00000)
  object space 243648K, 79% used [0x00000000c3a00000,0x00000000cf7186f8,0x00000000d27f0000)
 PSPermGen       total 21248K, used 10466K [0x00000000be800000, 0x00000000bfcc0000, 0x00000000c3a00000)
  object space 21248K, 49% used [0x00000000be800000,0x00000000bf238ab0,0x00000000bfcc0000)
Event: 1656.144 GC heap after
Heap after GC invocations=3745 (full 125):
 PSYoungGen      total 93184K, used 160K [0x00000000ebe00000, 0x00000000f3430000, 0x0000000100000000)
  eden space 92992K, 0% used [0x00000000ebe00000,0x00000000ebe00000,0x00000000f18d0000)
  from space 192K, 83% used [0x00000000f3400000,0x00000000f3428000,0x00000000f3430000)
  to   space 6592K, 0% used [0x00000000f2750000,0x00000000f2750000,0x00000000f2dc0000)
 ParOldGen       total 243648K, used 217965K [0x00000000c3a00000, 0x00000000d27f0000, 0x00000000ebe00000)
  object space 243648K, 89% used [0x00000000c3a00000,0x00000000d0edb728,0x00000000d27f0000)
 PSPermGen       total 21248K, used 10466K [0x00000000be800000, 0x00000000bfcc0000, 0x00000000c3a00000)
  object space 21248K, 49% used [0x00000000be800000,0x00000000bf238ab0,0x00000000bfcc0000)
}
Event: 1656.144 GC heap before
{Heap before GC invocations=3746 (full 126):
 PSYoungGen      total 93184K, used 160K [0x00000000ebe00000, 0x00000000f3430000, 0x0000000100000000)
  eden space 92992K, 0% used [0x00000000ebe00000,0x00000000ebe00000,0x00000000f18d0000)
  from space 192K, 83% used [0x00000000f3400000,0x00000000f3428000,0x00000000f3430000)
  to   space 6592K, 0% used [0x00000000f2750000,0x00000000f2750000,0x00000000f2dc0000)
 ParOldGen       total 243648K, used 217965K [0x00000000c3a00000, 0x00000000d27f0000, 0x00000000ebe00000)
  object space 243648K, 89% used [0x00000000c3a00000,0x00000000d0edb728,0x00000000d27f0000)
 PSPermGen       total 21248K, used 10466K [0x00000000be800000, 0x00000000bfcc0000, 0x00000000c3a00000)
  object space 21248K, 49% used [0x00000000be800000,0x00000000bf238ab0,0x00000000bfcc0000)
Event: 1656.157 GC heap after
Heap after GC invocations=3746 (full 126):
 PSYoungGen      total 93184K, used 0K [0x00000000ebe00000, 0x00000000f3430000, 0x0000000100000000)
  eden space 92992K, 0% used [0x00000000ebe00000,0x00000000ebe00000,0x00000000f18d0000)
  from space 192K, 0% used [0x00000000f3400000,0x00000000f3400000,0x00000000f3430000)
  to   space 6592K, 0% used [0x00000000f2750000,0x00000000f2750000,0x00000000f2dc0000)
 ParOldGen       total 232896K, used 10738K [0x00000000c3a00000, 0x00000000d1d70000, 0x00000000ebe00000)
  object space 232896K, 4% used [0x00000000c3a00000,0x00000000c447c9a0,0x00000000d1d70000)
 PSPermGen       total 21248K, used 10466K [0x00000000be800000, 0x00000000bfcc0000, 0x00000000c3a00000)
  object space 21248K, 49% used [0x00000000be800000,0x00000000bf238ab0,0x00000000bfcc0000)
}

