# JRE version: 7.0_11-b21
# Java VM: Java HotSpot(TM) 64-Bit Server VM (23.6-b04 mixed mode windows-amd64 compressed oops)
Heap
 PSYoungGen      total 306304K, used 159530K [0x00000000ebe00000, 0x0000000100000000, 0x0000000100000000)
  eden space 281728K, 56% used [0x00000000ebe00000,0x00000000f5962818,0x00000000fd120000)
  from space 24576K, 1% used [0x00000000fe800000,0x00000000fe868000,0x0000000100000000)
  to   space 23424K, 0% used [0x00000000fd120000,0x00000000fd120000,0x00000000fe800000)
 ParOldGen       total 320320K, used 282967K [0x00000000c3a00000, 0x00000000d72d0000, 0x00000000ebe00000)
  object space 320320K, 88% used [0x00000000c3a00000,0x00000000d4e55ec0,0x00000000d72d0000)
 PSPermGen       total 21248K, used 10497K [0x00000000be800000, 0x00000000bfcc0000, 0x00000000c3a00000)
  object space 21248K, 49% used [0x00000000be800000,0x00000000bf2407b8,0x00000000bfcc0000)
GC Heap History (10 events):
Event: 848.191 GC heap before
{Heap before GC invocations=627 (full 13):
 PSYoungGen      total 299072K, used 270054K [0x00000000ebe00000, 0x00000000fffa0000, 0x0000000100000000)
  eden space 272256K, 99% used [0x00000000ebe00000,0x00000000fc551950,0x00000000fc7e0000)
  from space 26816K, 1% used [0x00000000fc7e0000,0x00000000fc848000,0x00000000fe210000)
  to   space 25472K, 0% used [0x00000000fe6c0000,0x00000000fe6c0000,0x00000000fffa0000)
 ParOldGen       total 320320K, used 274691K [0x00000000c3a00000, 0x00000000d72d0000, 0x00000000ebe00000)
  object space 320320K, 85% used [0x00000000c3a00000,0x00000000d4640eb0,0x00000000d72d0000)
 PSPermGen       total 21248K, used 10473K [0x00000000be800000, 0x00000000bfcc0000, 0x00000000c3a00000)
  object space 21248K, 49% used [0x00000000be800000,0x00000000bf23a758,0x00000000bfcc0000)
Event: 848.195 GC heap after
Heap after GC invocations=627 (full 13):
 PSYoungGen      total 299264K, used 448K [0x00000000ebe00000, 0x00000000ffc10000, 0x0000000100000000)
  eden space 277440K, 0% used [0x00000000ebe00000,0x00000000ebe00000,0x00000000fccf0000)
  from space 21824K, 2% used [0x00000000fe6c0000,0x00000000fe730000,0x00000000ffc10000)
  to   space 24128K, 0% used [0x00000000fccf0000,0x00000000fccf0000,0x00000000fe480000)
 ParOldGen       total 320320K, used 274731K [0x00000000c3a00000, 0x00000000d72d0000, 0x00000000ebe00000)
  object space 320320K, 85% used [0x00000000c3a00000,0x00000000d464aeb0,0x00000000d72d0000)
 PSPermGen       total 21248K, used 10473K [0x00000000be800000, 0x00000000bfcc0000, 0x00000000c3a00000)
  object space 21248K, 49% used [0x00000000be800000,0x00000000bf23a758,0x00000000bfcc0000)
}
Event: 849.622 GC heap before
{Heap before GC invocations=628 (full 13):
 PSYoungGen      total 299264K, used 270129K [0x00000000ebe00000, 0x00000000ffc10000, 0x0000000100000000)
  eden space 277440K, 97% used [0x00000000ebe00000,0x00000000fc55c708,0x00000000fccf0000)
  from space 21824K, 2% used [0x00000000fe6c0000,0x00000000fe730000,0x00000000ffc10000)
  to   space 24128K, 0% used [0x00000000fccf0000,0x00000000fccf0000,0x00000000fe480000)
 ParOldGen       total 320320K, used 274731K [0x00000000c3a00000, 0x00000000d72d0000, 0x00000000ebe00000)
  object space 320320K, 85% used [0x00000000c3a00000,0x00000000d464aeb0,0x00000000d72d0000)
 PSPermGen       total 21248K, used 10482K [0x00000000be800000, 0x00000000bfcc0000, 0x00000000c3a00000)
  object space 21248K, 49% used [0x00000000be800000,0x00000000bf23c818,0x00000000bfcc0000)
Event: 849.627 GC heap after
Heap after GC invocations=628 (full 13):
 PSYoungGen      total 301568K, used 400K [0x00000000ebe00000, 0x00000000fffc0000, 0x0000000100000000)
  eden space 277440K, 0% used [0x00000000ebe00000,0x00000000ebe00000,0x00000000fccf0000)
  from space 24128K, 1% used [0x00000000fccf0000,0x00000000fcd54010,0x00000000fe480000)
  to   space 22848K, 0% used [0x00000000fe970000,0x00000000fe970000,0x00000000fffc0000)
 ParOldGen       total 320320K, used 274755K [0x00000000c3a00000, 0x00000000d72d0000, 0x00000000ebe00000)
  object space 320320K, 85% used [0x00000000c3a00000,0x00000000d4650eb0,0x00000000d72d0000)
 PSPermGen       total 21248K, used 10482K [0x00000000be800000, 0x00000000bfcc0000, 0x00000000c3a00000)
  object space 21248K, 49% used [0x00000000be800000,0x00000000bf23c818,0x00000000bfcc0000)
}
Event: 850.645 GC heap before
{Heap before GC invocations=629 (full 13):
 PSYoungGen      total 301568K, used 269953K [0x00000000ebe00000, 0x00000000fffc0000, 0x0000000100000000)
  eden space 277440K, 97% used [0x00000000ebe00000,0x00000000fc53c548,0x00000000fccf0000)
  from space 24128K, 1% used [0x00000000fccf0000,0x00000000fcd54010,0x00000000fe480000)
  to   space 22848K, 0% used [0x00000000fe970000,0x00000000fe970000,0x00000000fffc0000)
 ParOldGen       total 320320K, used 274755K [0x00000000c3a00000, 0x00000000d72d0000, 0x00000000ebe00000)
  object space 320320K, 85% used [0x00000000c3a00000,0x00000000d4650eb0,0x00000000d72d0000)
 PSPermGen       total 21248K, used 10482K [0x00000000be800000, 0x00000000bfcc0000, 0x00000000c3a00000)
  object space 21248K, 49% used [0x00000000be800000,0x00000000bf23c818,0x00000000bfcc0000)
Event: 850.647 GC heap after
Heap after GC invocations=629 (full 13):
 PSYoungGen      total 302016K, used 416K [0x00000000ebe00000, 0x00000000ffc40000, 0x0000000100000000)
  eden space 282752K, 0% used [0x00000000ebe00000,0x00000000ebe00000,0x00000000fd220000)
  from space 19264K, 2% used [0x00000000fe970000,0x00000000fe9d8000,0x00000000ffc40000)
  to   space 21568K, 0% used [0x00000000fd220000,0x00000000fd220000,0x00000000fe730000)
 ParOldGen       total 320320K, used 274779K [0x00000000c3a00000, 0x00000000d72d0000, 0x00000000ebe00000)
  object space 320320K, 85% used [0x00000000c3a00000,0x00000000d4656eb0,0x00000000d72d0000)
 PSPermGen       total 21248K, used 10482K [0x00000000be800000, 0x00000000bfcc0000, 0x00000000c3a00000)
  object space 21248K, 49% used [0x00000000be800000,0x00000000bf23c818,0x00000000bfcc0000)
}
Event: 851.799 GC heap before
{Heap before GC invocations=630 (full 13):
 PSYoungGen      total 302016K, used 278126K [0x00000000ebe00000, 0x00000000ffc40000, 0x0000000100000000)
  eden space 282752K, 98% used [0x00000000ebe00000,0x00000000fcd338f8,0x00000000fd220000)
  from space 19264K, 2% used [0x00000000fe970000,0x00000000fe9d8000,0x00000000ffc40000)
  to   space 21568K, 0% used [0x00000000fd220000,0x00000000fd220000,0x00000000fe730000)
 ParOldGen       total 320320K, used 274779K [0x00000000c3a00000, 0x00000000d72d0000, 0x00000000ebe00000)
  object space 320320K, 85% used [0x00000000c3a00000,0x00000000d4656eb0,0x00000000d72d0000)
 PSPermGen       total 21248K, used 10482K [0x00000000be800000, 0x00000000bfcc0000, 0x00000000c3a00000)
  object space 21248K, 49% used [0x00000000be800000,0x00000000bf23c818,0x00000000bfcc0000)
Event: 851.828 GC heap after
Heap after GC invocations=630 (full 13):
 PSYoungGen      total 304320K, used 16648K [0x00000000ebe00000, 0x0000000100000000, 0x0000000100000000)
  eden space 282752K, 0% used [0x00000000ebe00000,0x00000000ebe00000,0x00000000fd220000)
  from space 21568K, 77% used [0x00000000fd220000,0x00000000fe262020,0x00000000fe730000)
  to   space 24576K, 0% used [0x00000000fe800000,0x00000000fe800000,0x0000000100000000)
 ParOldGen       total 320320K, used 282919K [0x00000000c3a00000, 0x00000000d72d0000, 0x00000000ebe00000)
  object space 320320K, 88% used [0x00000000c3a00000,0x00000000d4e49ec0,0x00000000d72d0000)
 PSPermGen       total 21248K, used 10482K [0x00000000be800000, 0x00000000bfcc0000, 0x00000000c3a00000)
  object space 21248K, 49% used [0x00000000be800000,0x00000000bf23c818,0x00000000bfcc0000)
}
Event: 852.923 GC heap before
{Heap before GC invocations=631 (full 13):
 PSYoungGen      total 304320K, used 292392K [0x00000000ebe00000, 0x0000000100000000, 0x0000000100000000)
  eden space 282752K, 97% used [0x00000000ebe00000,0x00000000fcb48288,0x00000000fd220000)
  from space 21568K, 77% used [0x00000000fd220000,0x00000000fe262020,0x00000000fe730000)
  to   space 24576K, 0% used [0x00000000fe800000,0x00000000fe800000,0x0000000100000000)
 ParOldGen       total 320320K, used 282919K [0x00000000c3a00000, 0x00000000d72d0000, 0x00000000ebe00000)
  object space 320320K, 88% used [0x00000000c3a00000,0x00000000d4e49ec0,0x00000000d72d0000)
 PSPermGen       total 21248K, used 10482K [0x00000000be800000, 0x00000000bfcc0000, 0x00000000c3a00000)
  object space 21248K, 49% used [0x00000000be800000,0x00000000bf23c948,0x00000000bfcc0000)
Event: 852.925 GC heap after
Heap after GC invocations=631 (full 13):
 PSYoungGen      total 306304K, used 416K [0x00000000ebe00000, 0x0000000100000000, 0x0000000100000000)
  eden space 281728K, 0% used [0x00000000ebe00000,0x00000000ebe00000,0x00000000fd120000)
  from space 24576K, 1% used [0x00000000fe800000,0x00000000fe868000,0x0000000100000000)
  to   space 23424K, 0% used [0x00000000fd120000,0x00000000fd120000,0x00000000fe800000)
 ParOldGen       total 320320K, used 282967K [0x00000000c3a00000, 0x00000000d72d0000, 0x00000000ebe00000)
  object space 320320K, 88% used [0x00000000c3a00000,0x00000000d4e55ec0,0x00000000d72d0000)
 PSPermGen       total 21248K, used 10482K [0x00000000be800000, 0x00000000bfcc0000, 0x00000000c3a00000)
  object space 21248K, 49% used [0x00000000be800000,0x00000000bf23c948,0x00000000bfcc0000)
}

