# JRE version: 7.0_11-b21
# Java VM: Java HotSpot(TM) 64-Bit Server VM (23.6-b04 mixed mode windows-amd64 compressed oops)
Heap
 PSYoungGen      total 314112K, used 117310K [0x00000000ebe00000, 0x0000000100000000, 0x0000000100000000)
  eden space 298624K, 39% used [0x00000000ebe00000,0x00000000f30779f8,0x00000000fe1a0000)
  from space 15488K, 0% used [0x00000000ff0e0000,0x00000000ff0f8000,0x0000000100000000)
  to   space 15552K, 0% used [0x00000000fe1a0000,0x00000000fe1a0000,0x00000000ff0d0000)
 ParOldGen       total 375808K, used 262548K [0x00000000c3a00000, 0x00000000da900000, 0x00000000ebe00000)
  object space 375808K, 69% used [0x00000000c3a00000,0x00000000d3a653a8,0x00000000da900000)
 PSPermGen       total 21248K, used 10498K [0x00000000be800000, 0x00000000bfcc0000, 0x00000000c3a00000)
  object space 21248K, 49% used [0x00000000be800000,0x00000000bf240a38,0x00000000bfcc0000)
GC Heap History (10 events):
Event: 1759.130 GC heap before
{Heap before GC invocations=1044 (full 36):
 PSYoungGen      total 314048K, used 306280K [0x00000000ebe00000, 0x0000000100000000, 0x0000000100000000)
  eden space 298368K, 99% used [0x00000000ebe00000,0x00000000fe1091f0,0x00000000fe160000)
  from space 15680K, 52% used [0x00000000fe160000,0x00000000fe971010,0x00000000ff0b0000)
  to   space 15680K, 0% used [0x00000000ff0b0000,0x00000000ff0b0000,0x0000000100000000)
 ParOldGen       total 375808K, used 221904K [0x00000000c3a00000, 0x00000000da900000, 0x00000000ebe00000)
  object space 375808K, 59% used [0x00000000c3a00000,0x00000000d12b4358,0x00000000da900000)
 PSPermGen       total 21248K, used 10477K [0x00000000be800000, 0x00000000bfcc0000, 0x00000000c3a00000)
  object space 21248K, 49% used [0x00000000be800000,0x00000000bf23b700,0x00000000bfcc0000)
Event: 1759.189 GC heap after
Heap after GC invocations=1044 (full 36):
 PSYoungGen      total 313792K, used 8260K [0x00000000ebe00000, 0x00000000fffc0000, 0x0000000100000000)
  eden space 298368K, 0% used [0x00000000ebe00000,0x00000000ebe00000,0x00000000fe160000)
  from space 15424K, 53% used [0x00000000ff0b0000,0x00000000ff8c1010,0x00000000fffc0000)
  to   space 15552K, 0% used [0x00000000fe160000,0x00000000fe160000,0x00000000ff090000)
 ParOldGen       total 375808K, used 238128K [0x00000000c3a00000, 0x00000000da900000, 0x00000000ebe00000)
  object space 375808K, 63% used [0x00000000c3a00000,0x00000000d228c378,0x00000000da900000)
 PSPermGen       total 21248K, used 10477K [0x00000000be800000, 0x00000000bfcc0000, 0x00000000c3a00000)
  object space 21248K, 49% used [0x00000000be800000,0x00000000bf23b700,0x00000000bfcc0000)
}
Event: 1761.485 GC heap before
{Heap before GC invocations=1045 (full 36):
 PSYoungGen      total 313792K, used 306304K [0x00000000ebe00000, 0x00000000fffc0000, 0x0000000100000000)
  eden space 298368K, 99% used [0x00000000ebe00000,0x00000000fe10f270,0x00000000fe160000)
  from space 15424K, 53% used [0x00000000ff0b0000,0x00000000ff8c1010,0x00000000fffc0000)
  to   space 15552K, 0% used [0x00000000fe160000,0x00000000fe160000,0x00000000ff090000)
 ParOldGen       total 375808K, used 238128K [0x00000000c3a00000, 0x00000000da900000, 0x00000000ebe00000)
  object space 375808K, 63% used [0x00000000c3a00000,0x00000000d228c378,0x00000000da900000)
 PSPermGen       total 21248K, used 10477K [0x00000000be800000, 0x00000000bfcc0000, 0x00000000c3a00000)
  object space 21248K, 49% used [0x00000000be800000,0x00000000bf23b700,0x00000000bfcc0000)
Event: 1761.525 GC heap after
Heap after GC invocations=1045 (full 36):
 PSYoungGen      total 313920K, used 8260K [0x00000000ebe00000, 0x00000000fffe0000, 0x0000000100000000)
  eden space 298368K, 0% used [0x00000000ebe00000,0x00000000ebe00000,0x00000000fe160000)
  from space 15552K, 53% used [0x00000000fe160000,0x00000000fe971010,0x00000000ff090000)
  to   space 15424K, 0% used [0x00000000ff0d0000,0x00000000ff0d0000,0x00000000fffe0000)
 ParOldGen       total 375808K, used 254352K [0x00000000c3a00000, 0x00000000da900000, 0x00000000ebe00000)
  object space 375808K, 67% used [0x00000000c3a00000,0x00000000d3264398,0x00000000da900000)
 PSPermGen       total 21248K, used 10477K [0x00000000be800000, 0x00000000bfcc0000, 0x00000000c3a00000)
  object space 21248K, 49% used [0x00000000be800000,0x00000000bf23b700,0x00000000bfcc0000)
}
Event: 1764.683 GC heap before
{Heap before GC invocations=1046 (full 36):
 PSYoungGen      total 313920K, used 300020K [0x00000000ebe00000, 0x00000000fffe0000, 0x0000000100000000)
  eden space 298368K, 97% used [0x00000000ebe00000,0x00000000fdaec308,0x00000000fe160000)
  from space 15552K, 53% used [0x00000000fe160000,0x00000000fe971010,0x00000000ff090000)
  to   space 15424K, 0% used [0x00000000ff0d0000,0x00000000ff0d0000,0x00000000fffe0000)
 ParOldGen       total 375808K, used 254352K [0x00000000c3a00000, 0x00000000da900000, 0x00000000ebe00000)
  object space 375808K, 67% used [0x00000000c3a00000,0x00000000d3264398,0x00000000da900000)
 PSPermGen       total 21248K, used 10479K [0x00000000be800000, 0x00000000bfcc0000, 0x00000000c3a00000)
  object space 21248K, 49% used [0x00000000be800000,0x00000000bf23be10,0x00000000bfcc0000)
Event: 1764.685 GC heap after
Heap after GC invocations=1046 (full 36):
 PSYoungGen      total 314048K, used 160K [0x00000000ebe00000, 0x0000000100000000, 0x0000000100000000)
  eden space 298624K, 0% used [0x00000000ebe00000,0x00000000ebe00000,0x00000000fe1a0000)
  from space 15424K, 1% used [0x00000000ff0d0000,0x00000000ff0f8000,0x00000000fffe0000)
  to   space 15552K, 0% used [0x00000000fe1a0000,0x00000000fe1a0000,0x00000000ff0d0000)
 ParOldGen       total 375808K, used 254384K [0x00000000c3a00000, 0x00000000da900000, 0x00000000ebe00000)
  object space 375808K, 67% used [0x00000000c3a00000,0x00000000d326c398,0x00000000da900000)
 PSPermGen       total 21248K, used 10479K [0x00000000be800000, 0x00000000bfcc0000, 0x00000000c3a00000)
  object space 21248K, 49% used [0x00000000be800000,0x00000000bf23be10,0x00000000bfcc0000)
}
Event: 1765.882 GC heap before
{Heap before GC invocations=1047 (full 36):
 PSYoungGen      total 314048K, used 293150K [0x00000000ebe00000, 0x0000000100000000, 0x0000000100000000)
  eden space 298624K, 98% used [0x00000000ebe00000,0x00000000fdc1f930,0x00000000fe1a0000)
  from space 15424K, 1% used [0x00000000ff0d0000,0x00000000ff0f8000,0x00000000fffe0000)
  to   space 15552K, 0% used [0x00000000fe1a0000,0x00000000fe1a0000,0x00000000ff0d0000)
 ParOldGen       total 375808K, used 254384K [0x00000000c3a00000, 0x00000000da900000, 0x00000000ebe00000)
  object space 375808K, 67% used [0x00000000c3a00000,0x00000000d326c398,0x00000000da900000)
 PSPermGen       total 21248K, used 10481K [0x00000000be800000, 0x00000000bfcc0000, 0x00000000c3a00000)
  object space 21248K, 49% used [0x00000000be800000,0x00000000bf23c640,0x00000000bfcc0000)
Event: 1765.905 GC heap after
Heap after GC invocations=1047 (full 36):
 PSYoungGen      total 314176K, used 8228K [0x00000000ebe00000, 0x0000000100000000, 0x0000000100000000)
  eden space 298624K, 0% used [0x00000000ebe00000,0x00000000ebe00000,0x00000000fe1a0000)
  from space 15552K, 52% used [0x00000000fe1a0000,0x00000000fe9a9010,0x00000000ff0d0000)
  to   space 15488K, 0% used [0x00000000ff0e0000,0x00000000ff0e0000,0x0000000100000000)
 ParOldGen       total 375808K, used 262508K [0x00000000c3a00000, 0x00000000da900000, 0x00000000ebe00000)
  object space 375808K, 69% used [0x00000000c3a00000,0x00000000d3a5b3a8,0x00000000da900000)
 PSPermGen       total 21248K, used 10481K [0x00000000be800000, 0x00000000bfcc0000, 0x00000000c3a00000)
  object space 21248K, 49% used [0x00000000be800000,0x00000000bf23c640,0x00000000bfcc0000)
}
Event: 1767.086 GC heap before
{Heap before GC invocations=1048 (full 36):
 PSYoungGen      total 314176K, used 298833K [0x00000000ebe00000, 0x0000000100000000, 0x0000000100000000)
  eden space 298624K, 97% used [0x00000000ebe00000,0x00000000fd9cb738,0x00000000fe1a0000)
  from space 15552K, 52% used [0x00000000fe1a0000,0x00000000fe9a9010,0x00000000ff0d0000)
  to   space 15488K, 0% used [0x00000000ff0e0000,0x00000000ff0e0000,0x0000000100000000)
 ParOldGen       total 375808K, used 262508K [0x00000000c3a00000, 0x00000000da900000, 0x00000000ebe00000)
  object space 375808K, 69% used [0x00000000c3a00000,0x00000000d3a5b3a8,0x00000000da900000)
 PSPermGen       total 21248K, used 10482K [0x00000000be800000, 0x00000000bfcc0000, 0x00000000c3a00000)
  object space 21248K, 49% used [0x00000000be800000,0x00000000bf23cbe8,0x00000000bfcc0000)
Event: 1767.088 GC heap after
Heap after GC invocations=1048 (full 36):
 PSYoungGen      total 314112K, used 96K [0x00000000ebe00000, 0x0000000100000000, 0x0000000100000000)
  eden space 298624K, 0% used [0x00000000ebe00000,0x00000000ebe00000,0x00000000fe1a0000)
  from space 15488K, 0% used [0x00000000ff0e0000,0x00000000ff0f8000,0x0000000100000000)
  to   space 15552K, 0% used [0x00000000fe1a0000,0x00000000fe1a0000,0x00000000ff0d0000)
 ParOldGen       total 375808K, used 262548K [0x00000000c3a00000, 0x00000000da900000, 0x00000000ebe00000)
  object space 375808K, 69% used [0x00000000c3a00000,0x00000000d3a653a8,0x00000000da900000)
 PSPermGen       total 21248K, used 10482K [0x00000000be800000, 0x00000000bfcc0000, 0x00000000c3a00000)
  object space 21248K, 49% used [0x00000000be800000,0x00000000bf23cbe8,0x00000000bfcc0000)
}

