# JRE version: 7.0_11-b21
# Java VM: Java HotSpot(TM) 64-Bit Server VM (23.6-b04 mixed mode windows-amd64 compressed oops)
Heap
 PSYoungGen      total 329152K, used 123463K [0x00000000ebe00000, 0x00000000ffff0000, 0x0000000100000000)
  eden space 328640K, 37% used [0x00000000ebe00000,0x00000000f3659dc0,0x00000000ffef0000)
  from space 512K, 43% used [0x00000000ffef0000,0x00000000fff28000,0x00000000fff70000)
  to   space 512K, 0% used [0x00000000fff70000,0x00000000fff70000,0x00000000ffff0000)
 ParOldGen       total 361024K, used 102027K [0x00000000c3a00000, 0x00000000d9a90000, 0x00000000ebe00000)
  object space 361024K, 28% used [0x00000000c3a00000,0x00000000c9da2f40,0x00000000d9a90000)
 PSPermGen       total 21248K, used 10442K [0x00000000be800000, 0x00000000bfcc0000, 0x00000000c3a00000)
  object space 21248K, 49% used [0x00000000be800000,0x00000000bf232960,0x00000000bfcc0000)
GC Heap History (10 events):
Event: 86.993 GC heap before
{Heap before GC invocations=163 (full 13):
 PSYoungGen      total 329216K, used 326690K [0x00000000ebe00000, 0x0000000100000000, 0x0000000100000000)
  eden space 328704K, 99% used [0x00000000ebe00000,0x00000000ffcb0bb0,0x00000000fff00000)
  from space 512K, 68% used [0x00000000fff00000,0x00000000fff58000,0x00000000fff80000)
  to   space 512K, 0% used [0x00000000fff80000,0x00000000fff80000,0x0000000100000000)
 ParOldGen       total 330176K, used 257955K [0x00000000c3a00000, 0x00000000d7c70000, 0x00000000ebe00000)
  object space 330176K, 78% used [0x00000000c3a00000,0x00000000d35e8fb8,0x00000000d7c70000)
 PSPermGen       total 21248K, used 10416K [0x00000000be800000, 0x00000000bfcc0000, 0x00000000c3a00000)
  object space 21248K, 49% used [0x00000000be800000,0x00000000bf22c1a0,0x00000000bfcc0000)
Event: 87.004 GC heap after
Heap after GC invocations=163 (full 13):
 PSYoungGen      total 329216K, used 416K [0x00000000ebe00000, 0x0000000100000000, 0x0000000100000000)
  eden space 328704K, 0% used [0x00000000ebe00000,0x00000000ebe00000,0x00000000fff00000)
  from space 512K, 81% used [0x00000000fff80000,0x00000000fffe8000,0x0000000100000000)
  to   space 512K, 0% used [0x00000000fff00000,0x00000000fff00000,0x00000000fff80000)
 ParOldGen       total 330176K, used 282255K [0x00000000c3a00000, 0x00000000d7c70000, 0x00000000ebe00000)
  object space 330176K, 85% used [0x00000000c3a00000,0x00000000d4da3fe8,0x00000000d7c70000)
 PSPermGen       total 21248K, used 10416K [0x00000000be800000, 0x00000000bfcc0000, 0x00000000c3a00000)
  object space 21248K, 49% used [0x00000000be800000,0x00000000bf22c1a0,0x00000000bfcc0000)
}
Event: 93.420 GC heap before
{Heap before GC invocations=164 (full 14):
 PSYoungGen      total 329216K, used 327305K [0x00000000ebe00000, 0x0000000100000000, 0x0000000100000000)
  eden space 328704K, 99% used [0x00000000ebe00000,0x00000000ffd3a760,0x00000000fff00000)
  from space 512K, 81% used [0x00000000fff80000,0x00000000fffe8000,0x0000000100000000)
  to   space 512K, 0% used [0x00000000fff00000,0x00000000fff00000,0x00000000fff80000)
 ParOldGen       total 659456K, used 658906K [0x00000000c3a00000, 0x00000000ebe00000, 0x00000000ebe00000)
  object space 659456K, 99% used [0x00000000c3a00000,0x00000000ebd76b38,0x00000000ebe00000)
 PSPermGen       total 21248K, used 10420K [0x00000000be800000, 0x00000000bfcc0000, 0x00000000c3a00000)
  object space 21248K, 49% used [0x00000000be800000,0x00000000bf22d320,0x00000000bfcc0000)
Event: 93.556 GC heap after
Heap after GC invocations=164 (full 14):
 PSYoungGen      total 329216K, used 0K [0x00000000ebe00000, 0x0000000100000000, 0x0000000100000000)
  eden space 328704K, 0% used [0x00000000ebe00000,0x00000000ebe00000,0x00000000fff00000)
  from space 512K, 0% used [0x00000000fff80000,0x00000000fff80000,0x0000000100000000)
  to   space 512K, 0% used [0x00000000fff00000,0x00000000fff00000,0x00000000fff80000)
 ParOldGen       total 361024K, used 10902K [0x00000000c3a00000, 0x00000000d9a90000, 0x00000000ebe00000)
  object space 361024K, 3% used [0x00000000c3a00000,0x00000000c44a5a80,0x00000000d9a90000)
 PSPermGen       total 21248K, used 10420K [0x00000000be800000, 0x00000000bfcc0000, 0x00000000c3a00000)
  object space 21248K, 49% used [0x00000000be800000,0x00000000bf22d320,0x00000000bfcc0000)
}
Event: 97.729 GC heap before
{Heap before GC invocations=165 (full 14):
 PSYoungGen      total 329216K, used 326423K [0x00000000ebe00000, 0x0000000100000000, 0x0000000100000000)
  eden space 328704K, 99% used [0x00000000ebe00000,0x00000000ffcc5dc0,0x00000000fff00000)
  from space 512K, 0% used [0x00000000fff80000,0x00000000fff80000,0x0000000100000000)
  to   space 512K, 0% used [0x00000000fff00000,0x00000000fff00000,0x00000000fff80000)
 ParOldGen       total 361024K, used 10902K [0x00000000c3a00000, 0x00000000d9a90000, 0x00000000ebe00000)
  object space 361024K, 3% used [0x00000000c3a00000,0x00000000c44a5a80,0x00000000d9a90000)
 PSPermGen       total 21248K, used 10421K [0x00000000be800000, 0x00000000bfcc0000, 0x00000000c3a00000)
  object space 21248K, 49% used [0x00000000be800000,0x00000000bf22d550,0x00000000bfcc0000)
Event: 98.106 GC heap after
Heap after GC invocations=165 (full 14):
 PSYoungGen      total 328896K, used 160K [0x00000000ebe00000, 0x0000000100000000, 0x0000000100000000)
  eden space 328704K, 0% used [0x00000000ebe00000,0x00000000ebe00000,0x00000000fff00000)
  from space 192K, 83% used [0x00000000fff00000,0x00000000fff28000,0x00000000fff30000)
  to   space 576K, 0% used [0x00000000fff70000,0x00000000fff70000,0x0000000100000000)
 ParOldGen       total 361024K, used 53427K [0x00000000c3a00000, 0x00000000d9a90000, 0x00000000ebe00000)
  object space 361024K, 14% used [0x00000000c3a00000,0x00000000c6e2cee0,0x00000000d9a90000)
 PSPermGen       total 21248K, used 10421K [0x00000000be800000, 0x00000000bfcc0000, 0x00000000c3a00000)
  object space 21248K, 49% used [0x00000000be800000,0x00000000bf22d550,0x00000000bfcc0000)
}
Event: 103.781 GC heap before
{Heap before GC invocations=166 (full 14):
 PSYoungGen      total 328896K, used 326782K [0x00000000ebe00000, 0x0000000100000000, 0x0000000100000000)
  eden space 328704K, 99% used [0x00000000ebe00000,0x00000000ffcf7a58,0x00000000fff00000)
  from space 192K, 83% used [0x00000000fff00000,0x00000000fff28000,0x00000000fff30000)
  to   space 576K, 0% used [0x00000000fff70000,0x00000000fff70000,0x0000000100000000)
 ParOldGen       total 361024K, used 53427K [0x00000000c3a00000, 0x00000000d9a90000, 0x00000000ebe00000)
  object space 361024K, 14% used [0x00000000c3a00000,0x00000000c6e2cee0,0x00000000d9a90000)
 PSPermGen       total 21248K, used 10424K [0x00000000be800000, 0x00000000bfcc0000, 0x00000000c3a00000)
  object space 21248K, 49% used [0x00000000be800000,0x00000000bf22e1a8,0x00000000bfcc0000)
Event: 104.214 GC heap after
Heap after GC invocations=166 (full 14):
 PSYoungGen      total 329216K, used 192K [0x00000000ebe00000, 0x0000000100000000, 0x0000000100000000)
  eden space 328640K, 0% used [0x00000000ebe00000,0x00000000ebe00000,0x00000000ffef0000)
  from space 576K, 33% used [0x00000000fff70000,0x00000000fffa0000,0x0000000100000000)
  to   space 512K, 0% used [0x00000000ffef0000,0x00000000ffef0000,0x00000000fff70000)
 ParOldGen       total 361024K, used 77727K [0x00000000c3a00000, 0x00000000d9a90000, 0x00000000ebe00000)
  object space 361024K, 21% used [0x00000000c3a00000,0x00000000c85e7f10,0x00000000d9a90000)
 PSPermGen       total 21248K, used 10424K [0x00000000be800000, 0x00000000bfcc0000, 0x00000000c3a00000)
  object space 21248K, 49% used [0x00000000be800000,0x00000000bf22e1a8,0x00000000bfcc0000)
}
Event: 108.153 GC heap before
{Heap before GC invocations=167 (full 14):
 PSYoungGen      total 329216K, used 326832K [0x00000000ebe00000, 0x0000000100000000, 0x0000000100000000)
  eden space 328640K, 99% used [0x00000000ebe00000,0x00000000ffcfc218,0x00000000ffef0000)
  from space 576K, 33% used [0x00000000fff70000,0x00000000fffa0000,0x0000000100000000)
  to   space 512K, 0% used [0x00000000ffef0000,0x00000000ffef0000,0x00000000fff70000)
 ParOldGen       total 361024K, used 77727K [0x00000000c3a00000, 0x00000000d9a90000, 0x00000000ebe00000)
  object space 361024K, 21% used [0x00000000c3a00000,0x00000000c85e7f10,0x00000000d9a90000)
 PSPermGen       total 21248K, used 10426K [0x00000000be800000, 0x00000000bfcc0000, 0x00000000c3a00000)
  object space 21248K, 49% used [0x00000000be800000,0x00000000bf22e9b8,0x00000000bfcc0000)
Event: 108.205 GC heap after
Heap after GC invocations=167 (full 14):
 PSYoungGen      total 329152K, used 224K [0x00000000ebe00000, 0x00000000ffff0000, 0x0000000100000000)
  eden space 328640K, 0% used [0x00000000ebe00000,0x00000000ebe00000,0x00000000ffef0000)
  from space 512K, 43% used [0x00000000ffef0000,0x00000000fff28000,0x00000000fff70000)
  to   space 512K, 0% used [0x00000000fff70000,0x00000000fff70000,0x00000000ffff0000)
 ParOldGen       total 361024K, used 102027K [0x00000000c3a00000, 0x00000000d9a90000, 0x00000000ebe00000)
  object space 361024K, 28% used [0x00000000c3a00000,0x00000000c9da2f40,0x00000000d9a90000)
 PSPermGen       total 21248K, used 10426K [0x00000000be800000, 0x00000000bfcc0000, 0x00000000c3a00000)
  object space 21248K, 49% used [0x00000000be800000,0x00000000bf22e9b8,0x00000000bfcc0000)
}

