# JRE version: 7.0_11-b21
# Java VM: Java HotSpot(TM) 64-Bit Server VM (23.6-b04 mixed mode windows-amd64 compressed oops)
Heap
 PSYoungGen      total 203584K, used 32547K [0x00000000ebe00000, 0x00000000f8610000, 0x0000000100000000)
  eden space 203392K, 15% used [0x00000000ebe00000,0x00000000edd98db8,0x00000000f84a0000)
  from space 192K, 100% used [0x00000000f85e0000,0x00000000f8610000,0x00000000f8610000)
  to   space 256K, 0% used [0x00000000f8590000,0x00000000f8590000,0x00000000f85d0000)
 ParOldGen       total 236352K, used 101783K [0x00000000c3a00000, 0x00000000d20d0000, 0x00000000ebe00000)
  object space 236352K, 43% used [0x00000000c3a00000,0x00000000c9d65d88,0x00000000d20d0000)
 PSPermGen       total 21248K, used 10360K [0x00000000be800000, 0x00000000bfcc0000, 0x00000000c3a00000)
  object space 21248K, 48% used [0x00000000be800000,0x00000000bf21e098,0x00000000bfcc0000)
GC Heap History (10 events):
Event: 47.787 GC heap before
{Heap before GC invocations=154 (full 10):
 PSYoungGen      total 171520K, used 165509K [0x00000000ebe00000, 0x00000000f7180000, 0x0000000100000000)
  eden space 171200K, 96% used [0x00000000ebe00000,0x00000000f5f79458,0x00000000f6530000)
  from space 320K, 50% used [0x00000000f6530000,0x00000000f6558000,0x00000000f6580000)
  to   space 256K, 0% used [0x00000000f7140000,0x00000000f7140000,0x00000000f7180000)
 ParOldGen       total 236352K, used 28883K [0x00000000c3a00000, 0x00000000d20d0000, 0x00000000ebe00000)
  object space 236352K, 12% used [0x00000000c3a00000,0x00000000c5634cf8,0x00000000d20d0000)
 PSPermGen       total 21248K, used 10339K [0x00000000be800000, 0x00000000bfcc0000, 0x00000000c3a00000)
  object space 21248K, 48% used [0x00000000be800000,0x00000000bf218e98,0x00000000bfcc0000)
Event: 47.791 GC heap after
Heap after GC invocations=154 (full 10):
 PSYoungGen      total 183552K, used 160K [0x00000000ebe00000, 0x00000000f71b0000, 0x0000000100000000)
  eden space 183296K, 0% used [0x00000000ebe00000,0x00000000ebe00000,0x00000000f7100000)
  from space 256K, 62% used [0x00000000f7140000,0x00000000f7168000,0x00000000f7180000)
  to   space 256K, 0% used [0x00000000f7100000,0x00000000f7100000,0x00000000f7140000)
 ParOldGen       total 236352K, used 53183K [0x00000000c3a00000, 0x00000000d20d0000, 0x00000000ebe00000)
  object space 236352K, 22% used [0x00000000c3a00000,0x00000000c6defd28,0x00000000d20d0000)
 PSPermGen       total 21248K, used 10339K [0x00000000be800000, 0x00000000bfcc0000, 0x00000000c3a00000)
  object space 21248K, 48% used [0x00000000be800000,0x00000000bf218e98,0x00000000bfcc0000)
}
Event: 48.534 GC heap before
{Heap before GC invocations=155 (full 10):
 PSYoungGen      total 183552K, used 176527K [0x00000000ebe00000, 0x00000000f71b0000, 0x0000000100000000)
  eden space 183296K, 96% used [0x00000000ebe00000,0x00000000f6a3bff0,0x00000000f7100000)
  from space 256K, 62% used [0x00000000f7140000,0x00000000f7168000,0x00000000f7180000)
  to   space 256K, 0% used [0x00000000f7100000,0x00000000f7100000,0x00000000f7140000)
 ParOldGen       total 236352K, used 53183K [0x00000000c3a00000, 0x00000000d20d0000, 0x00000000ebe00000)
  object space 236352K, 22% used [0x00000000c3a00000,0x00000000c6defd28,0x00000000d20d0000)
 PSPermGen       total 21248K, used 10341K [0x00000000be800000, 0x00000000bfcc0000, 0x00000000c3a00000)
  object space 21248K, 48% used [0x00000000be800000,0x00000000bf219798,0x00000000bfcc0000)
Event: 48.534 GC heap after
Heap after GC invocations=155 (full 10):
 PSYoungGen      total 183552K, used 160K [0x00000000ebe00000, 0x00000000f7c40000, 0x0000000100000000)
  eden space 183296K, 0% used [0x00000000ebe00000,0x00000000ebe00000,0x00000000f7100000)
  from space 256K, 62% used [0x00000000f7100000,0x00000000f7128000,0x00000000f7140000)
  to   space 256K, 0% used [0x00000000f7c00000,0x00000000f7c00000,0x00000000f7c40000)
 ParOldGen       total 236352K, used 53183K [0x00000000c3a00000, 0x00000000d20d0000, 0x00000000ebe00000)
  object space 236352K, 22% used [0x00000000c3a00000,0x00000000c6defd28,0x00000000d20d0000)
 PSPermGen       total 21248K, used 10341K [0x00000000be800000, 0x00000000bfcc0000, 0x00000000c3a00000)
  object space 21248K, 48% used [0x00000000be800000,0x00000000bf219798,0x00000000bfcc0000)
}
Event: 49.301 GC heap before
{Heap before GC invocations=156 (full 10):
 PSYoungGen      total 183552K, used 178551K [0x00000000ebe00000, 0x00000000f7c40000, 0x0000000100000000)
  eden space 183296K, 97% used [0x00000000ebe00000,0x00000000f6c35ed0,0x00000000f7100000)
  from space 256K, 62% used [0x00000000f7100000,0x00000000f7128000,0x00000000f7140000)
  to   space 256K, 0% used [0x00000000f7c00000,0x00000000f7c00000,0x00000000f7c40000)
 ParOldGen       total 236352K, used 53183K [0x00000000c3a00000, 0x00000000d20d0000, 0x00000000ebe00000)
  object space 236352K, 22% used [0x00000000c3a00000,0x00000000c6defd28,0x00000000d20d0000)
 PSPermGen       total 21248K, used 10341K [0x00000000be800000, 0x00000000bfcc0000, 0x00000000c3a00000)
  object space 21248K, 48% used [0x00000000be800000,0x00000000bf219798,0x00000000bfcc0000)
Event: 49.305 GC heap after
Heap after GC invocations=156 (full 10):
 PSYoungGen      total 193920K, used 192K [0x00000000ebe00000, 0x00000000f7c30000, 0x0000000100000000)
  eden space 193728K, 0% used [0x00000000ebe00000,0x00000000ebe00000,0x00000000f7b30000)
  from space 192K, 100% used [0x00000000f7c00000,0x00000000f7c30000,0x00000000f7c30000)
  to   space 256K, 0% used [0x00000000f7bb0000,0x00000000f7bb0000,0x00000000f7bf0000)
 ParOldGen       total 236352K, used 77483K [0x00000000c3a00000, 0x00000000d20d0000, 0x00000000ebe00000)
  object space 236352K, 32% used [0x00000000c3a00000,0x00000000c85aad58,0x00000000d20d0000)
 PSPermGen       total 21248K, used 10341K [0x00000000be800000, 0x00000000bfcc0000, 0x00000000c3a00000)
  object space 21248K, 48% used [0x00000000be800000,0x00000000bf219798,0x00000000bfcc0000)
}
Event: 50.054 GC heap before
{Heap before GC invocations=157 (full 10):
 PSYoungGen      total 193920K, used 188624K [0x00000000ebe00000, 0x00000000f7c30000, 0x0000000100000000)
  eden space 193728K, 97% used [0x00000000ebe00000,0x00000000f7604340,0x00000000f7b30000)
  from space 192K, 100% used [0x00000000f7c00000,0x00000000f7c30000,0x00000000f7c30000)
  to   space 256K, 0% used [0x00000000f7bb0000,0x00000000f7bb0000,0x00000000f7bf0000)
 ParOldGen       total 236352K, used 77483K [0x00000000c3a00000, 0x00000000d20d0000, 0x00000000ebe00000)
  object space 236352K, 32% used [0x00000000c3a00000,0x00000000c85aad58,0x00000000d20d0000)
 PSPermGen       total 21248K, used 10343K [0x00000000be800000, 0x00000000bfcc0000, 0x00000000c3a00000)
  object space 21248K, 48% used [0x00000000be800000,0x00000000bf219ee8,0x00000000bfcc0000)
Event: 50.058 GC heap after
Heap after GC invocations=157 (full 10):
 PSYoungGen      total 194496K, used 192K [0x00000000ebe00000, 0x00000000f8620000, 0x0000000100000000)
  eden space 194240K, 0% used [0x00000000ebe00000,0x00000000ebe00000,0x00000000f7bb0000)
  from space 256K, 75% used [0x00000000f7bb0000,0x00000000f7be0000,0x00000000f7bf0000)
  to   space 256K, 0% used [0x00000000f85e0000,0x00000000f85e0000,0x00000000f8620000)
 ParOldGen       total 236352K, used 101783K [0x00000000c3a00000, 0x00000000d20d0000, 0x00000000ebe00000)
  object space 236352K, 43% used [0x00000000c3a00000,0x00000000c9d65d88,0x00000000d20d0000)
 PSPermGen       total 21248K, used 10343K [0x00000000be800000, 0x00000000bfcc0000, 0x00000000c3a00000)
  object space 21248K, 48% used [0x00000000be800000,0x00000000bf219ee8,0x00000000bfcc0000)
}
Event: 50.868 GC heap before
{Heap before GC invocations=158 (full 10):
 PSYoungGen      total 194496K, used 193360K [0x00000000ebe00000, 0x00000000f8620000, 0x0000000100000000)
  eden space 194240K, 99% used [0x00000000ebe00000,0x00000000f7aa4200,0x00000000f7bb0000)
  from space 256K, 75% used [0x00000000f7bb0000,0x00000000f7be0000,0x00000000f7bf0000)
  to   space 256K, 0% used [0x00000000f85e0000,0x00000000f85e0000,0x00000000f8620000)
 ParOldGen       total 236352K, used 101783K [0x00000000c3a00000, 0x00000000d20d0000, 0x00000000ebe00000)
  object space 236352K, 43% used [0x00000000c3a00000,0x00000000c9d65d88,0x00000000d20d0000)
 PSPermGen       total 21248K, used 10351K [0x00000000be800000, 0x00000000bfcc0000, 0x00000000c3a00000)
  object space 21248K, 48% used [0x00000000be800000,0x00000000bf21bc88,0x00000000bfcc0000)
Event: 50.869 GC heap after
Heap after GC invocations=158 (full 10):
 PSYoungGen      total 203584K, used 192K [0x00000000ebe00000, 0x00000000f8610000, 0x0000000100000000)
  eden space 203392K, 0% used [0x00000000ebe00000,0x00000000ebe00000,0x00000000f84a0000)
  from space 192K, 100% used [0x00000000f85e0000,0x00000000f8610000,0x00000000f8610000)
  to   space 256K, 0% used [0x00000000f8590000,0x00000000f8590000,0x00000000f85d0000)
 ParOldGen       total 236352K, used 101783K [0x00000000c3a00000, 0x00000000d20d0000, 0x00000000ebe00000)
  object space 236352K, 43% used [0x00000000c3a00000,0x00000000c9d65d88,0x00000000d20d0000)
 PSPermGen       total 21248K, used 10351K [0x00000000be800000, 0x00000000bfcc0000, 0x00000000c3a00000)
  object space 21248K, 48% used [0x00000000be800000,0x00000000bf21bc88,0x00000000bfcc0000)
}

