# JRE version: 7.0_11-b21
# Java VM: Java HotSpot(TM) 64-Bit Server VM (23.6-b04 mixed mode windows-amd64 compressed oops)
Heap
 PSYoungGen      total 216320K, used 116505K [0x00000000ebe00000, 0x00000000fdaf0000, 0x0000000100000000)
  eden space 216128K, 53% used [0x00000000ebe00000,0x00000000f2f9e680,0x00000000f9110000)
  from space 192K, 83% used [0x00000000f9580000,0x00000000f95a8000,0x00000000f95b0000)
  to   space 37824K, 0% used [0x00000000fb600000,0x00000000fb600000,0x00000000fdaf0000)
 ParOldGen       total 336960K, used 17447K [0x00000000c3a00000, 0x00000000d8310000, 0x00000000ebe00000)
  object space 336960K, 5% used [0x00000000c3a00000,0x00000000c4b09e58,0x00000000d8310000)
 PSPermGen       total 21248K, used 10466K [0x00000000be800000, 0x00000000bfcc0000, 0x00000000c3a00000)
  object space 21248K, 49% used [0x00000000be800000,0x00000000bf238ba8,0x00000000bfcc0000)
GC Heap History (10 events):
Event: 470.076 GC heap before
{Heap before GC invocations=565 (full 20):
 PSYoungGen      total 264768K, used 235274K [0x00000000ebe00000, 0x00000000fee50000, 0x0000000100000000)
  eden space 240448K, 97% used [0x00000000ebe00000,0x00000000fa3a2868,0x00000000fa8d0000)
  from space 24320K, 0% used [0x00000000fd690000,0x00000000fd6b0000,0x00000000fee50000)
  to   space 35584K, 0% used [0x00000000fa8d0000,0x00000000fa8d0000,0x00000000fcb90000)
 ParOldGen       total 336960K, used 17279K [0x00000000c3a00000, 0x00000000d8310000, 0x00000000ebe00000)
  object space 336960K, 5% used [0x00000000c3a00000,0x00000000c4adfe58,0x00000000d8310000)
 PSPermGen       total 21248K, used 10449K [0x00000000be800000, 0x00000000bfcc0000, 0x00000000c3a00000)
  object space 21248K, 49% used [0x00000000be800000,0x00000000bf234608,0x00000000bfcc0000)
Event: 470.084 GC heap after
Heap after GC invocations=565 (full 20):
 PSYoungGen      total 259776K, used 24460K [0x00000000ebe00000, 0x00000000ff080000, 0x0000000100000000)
  eden space 235264K, 0% used [0x00000000ebe00000,0x00000000ebe00000,0x00000000fa3c0000)
  from space 24512K, 99% used [0x00000000fa8d0000,0x00000000fc0b3030,0x00000000fc0c0000)
  to   space 39296K, 0% used [0x00000000fca20000,0x00000000fca20000,0x00000000ff080000)
 ParOldGen       total 336960K, used 17319K [0x00000000c3a00000, 0x00000000d8310000, 0x00000000ebe00000)
  object space 336960K, 5% used [0x00000000c3a00000,0x00000000c4ae9e58,0x00000000d8310000)
 PSPermGen       total 21248K, used 10449K [0x00000000be800000, 0x00000000bfcc0000, 0x00000000c3a00000)
  object space 21248K, 49% used [0x00000000be800000,0x00000000bf234608,0x00000000bfcc0000)
}
Event: 471.636 GC heap before
{Heap before GC invocations=566 (full 20):
 PSYoungGen      total 259776K, used 257592K [0x00000000ebe00000, 0x00000000ff080000, 0x0000000100000000)
  eden space 235264K, 99% used [0x00000000ebe00000,0x00000000fa1ab2c0,0x00000000fa3c0000)
  from space 24512K, 99% used [0x00000000fa8d0000,0x00000000fc0b3030,0x00000000fc0c0000)
  to   space 39296K, 0% used [0x00000000fca20000,0x00000000fca20000,0x00000000ff080000)
 ParOldGen       total 336960K, used 17319K [0x00000000c3a00000, 0x00000000d8310000, 0x00000000ebe00000)
  object space 336960K, 5% used [0x00000000c3a00000,0x00000000c4ae9e58,0x00000000d8310000)
 PSPermGen       total 21248K, used 10449K [0x00000000be800000, 0x00000000bfcc0000, 0x00000000c3a00000)
  object space 21248K, 49% used [0x00000000be800000,0x00000000bf234608,0x00000000bfcc0000)
Event: 471.643 GC heap after
Heap after GC invocations=566 (full 20):
 PSYoungGen      total 261120K, used 96K [0x00000000ebe00000, 0x00000000fe850000, 0x0000000100000000)
  eden space 230208K, 0% used [0x00000000ebe00000,0x00000000ebe00000,0x00000000f9ed0000)
  from space 30912K, 0% used [0x00000000fca20000,0x00000000fca38000,0x00000000fe850000)
  to   space 37632K, 0% used [0x00000000f9ed0000,0x00000000f9ed0000,0x00000000fc390000)
 ParOldGen       total 336960K, used 17343K [0x00000000c3a00000, 0x00000000d8310000, 0x00000000ebe00000)
  object space 336960K, 5% used [0x00000000c3a00000,0x00000000c4aefe58,0x00000000d8310000)
 PSPermGen       total 21248K, used 10449K [0x00000000be800000, 0x00000000bfcc0000, 0x00000000c3a00000)
  object space 21248K, 49% used [0x00000000be800000,0x00000000bf234608,0x00000000bfcc0000)
}
Event: 472.935 GC heap before
{Heap before GC invocations=567 (full 20):
 PSYoungGen      total 261120K, used 227130K [0x00000000ebe00000, 0x00000000fe850000, 0x0000000100000000)
  eden space 230208K, 98% used [0x00000000ebe00000,0x00000000f9bb68b0,0x00000000f9ed0000)
  from space 30912K, 0% used [0x00000000fca20000,0x00000000fca38000,0x00000000fe850000)
  to   space 37632K, 0% used [0x00000000f9ed0000,0x00000000f9ed0000,0x00000000fc390000)
 ParOldGen       total 336960K, used 17343K [0x00000000c3a00000, 0x00000000d8310000, 0x00000000ebe00000)
  object space 336960K, 5% used [0x00000000c3a00000,0x00000000c4aefe58,0x00000000d8310000)
 PSPermGen       total 21248K, used 10449K [0x00000000be800000, 0x00000000bfcc0000, 0x00000000c3a00000)
  object space 21248K, 49% used [0x00000000be800000,0x00000000bf234608,0x00000000bfcc0000)
Event: 472.936 GC heap after
Heap after GC invocations=567 (full 20):
 PSYoungGen      total 225472K, used 128K [0x00000000ebe00000, 0x00000000fe030000, 0x0000000100000000)
  eden space 225344K, 0% used [0x00000000ebe00000,0x00000000ebe00000,0x00000000f9a10000)
  from space 128K, 100% used [0x00000000f9ed0000,0x00000000f9ef0000,0x00000000f9ef0000)
  to   space 35904K, 0% used [0x00000000fbd20000,0x00000000fbd20000,0x00000000fe030000)
 ParOldGen       total 336960K, used 17391K [0x00000000c3a00000, 0x00000000d8310000, 0x00000000ebe00000)
  object space 336960K, 5% used [0x00000000c3a00000,0x00000000c4afbe58,0x00000000d8310000)
 PSPermGen       total 21248K, used 10449K [0x00000000be800000, 0x00000000bfcc0000, 0x00000000c3a00000)
  object space 21248K, 49% used [0x00000000be800000,0x00000000bf234608,0x00000000bfcc0000)
}
Event: 474.172 GC heap before
{Heap before GC invocations=568 (full 20):
 PSYoungGen      total 225472K, used 222390K [0x00000000ebe00000, 0x00000000fe030000, 0x0000000100000000)
  eden space 225344K, 98% used [0x00000000ebe00000,0x00000000f970db88,0x00000000f9a10000)
  from space 128K, 100% used [0x00000000f9ed0000,0x00000000f9ef0000,0x00000000f9ef0000)
  to   space 35904K, 0% used [0x00000000fbd20000,0x00000000fbd20000,0x00000000fe030000)
 ParOldGen       total 336960K, used 17391K [0x00000000c3a00000, 0x00000000d8310000, 0x00000000ebe00000)
  object space 336960K, 5% used [0x00000000c3a00000,0x00000000c4afbe58,0x00000000d8310000)
 PSPermGen       total 21248K, used 10449K [0x00000000be800000, 0x00000000bfcc0000, 0x00000000c3a00000)
  object space 21248K, 49% used [0x00000000be800000,0x00000000bf234628,0x00000000bfcc0000)
Event: 474.180 GC heap after
Heap after GC invocations=568 (full 20):
 PSYoungGen      total 256576K, used 24460K [0x00000000ebe00000, 0x00000000fe2a0000, 0x0000000100000000)
  eden space 220672K, 0% used [0x00000000ebe00000,0x00000000ebe00000,0x00000000f9580000)
  from space 35904K, 68% used [0x00000000fbd20000,0x00000000fd503030,0x00000000fe030000)
  to   space 39488K, 0% used [0x00000000f9580000,0x00000000f9580000,0x00000000fbc10000)
 ParOldGen       total 336960K, used 17415K [0x00000000c3a00000, 0x00000000d8310000, 0x00000000ebe00000)
  object space 336960K, 5% used [0x00000000c3a00000,0x00000000c4b01e58,0x00000000d8310000)
 PSPermGen       total 21248K, used 10449K [0x00000000be800000, 0x00000000bfcc0000, 0x00000000c3a00000)
  object space 21248K, 49% used [0x00000000be800000,0x00000000bf234628,0x00000000bfcc0000)
}
Event: 475.096 GC heap before
{Heap before GC invocations=569 (full 20):
 PSYoungGen      total 256576K, used 244204K [0x00000000ebe00000, 0x00000000fe2a0000, 0x0000000100000000)
  eden space 220672K, 99% used [0x00000000ebe00000,0x00000000f9498078,0x00000000f9580000)
  from space 35904K, 68% used [0x00000000fbd20000,0x00000000fd503030,0x00000000fe030000)
  to   space 39488K, 0% used [0x00000000f9580000,0x00000000f9580000,0x00000000fbc10000)
 ParOldGen       total 336960K, used 17415K [0x00000000c3a00000, 0x00000000d8310000, 0x00000000ebe00000)
  object space 336960K, 5% used [0x00000000c3a00000,0x00000000c4b01e58,0x00000000d8310000)
 PSPermGen       total 21248K, used 10451K [0x00000000be800000, 0x00000000bfcc0000, 0x00000000c3a00000)
  object space 21248K, 49% used [0x00000000be800000,0x00000000bf234d38,0x00000000bfcc0000)
Event: 475.096 GC heap after
Heap after GC invocations=569 (full 20):
 PSYoungGen      total 216320K, used 160K [0x00000000ebe00000, 0x00000000fdaf0000, 0x0000000100000000)
  eden space 216128K, 0% used [0x00000000ebe00000,0x00000000ebe00000,0x00000000f9110000)
  from space 192K, 83% used [0x00000000f9580000,0x00000000f95a8000,0x00000000f95b0000)
  to   space 37824K, 0% used [0x00000000fb600000,0x00000000fb600000,0x00000000fdaf0000)
 ParOldGen       total 336960K, used 17447K [0x00000000c3a00000, 0x00000000d8310000, 0x00000000ebe00000)
  object space 336960K, 5% used [0x00000000c3a00000,0x00000000c4b09e58,0x00000000d8310000)
 PSPermGen       total 21248K, used 10451K [0x00000000be800000, 0x00000000bfcc0000, 0x00000000c3a00000)
  object space 21248K, 49% used [0x00000000be800000,0x00000000bf234d38,0x00000000bfcc0000)
}

