# JRE version: 7.0_11-b21
# Java VM: Java HotSpot(TM) 64-Bit Server VM (23.6-b04 mixed mode windows-amd64 compressed oops)
Heap
 PSYoungGen      total 113088K, used 43829K [0x00000000ebe00000, 0x00000000f4a60000, 0x0000000100000000)
  eden space 101888K, 34% used [0x00000000ebe00000,0x00000000ee0bc720,0x00000000f2180000)
  from space 11200K, 73% used [0x00000000f2180000,0x00000000f2991010,0x00000000f2c70000)
  to   space 12160K, 0% used [0x00000000f3e80000,0x00000000f3e80000,0x00000000f4a60000)
 ParOldGen       total 283840K, used 79703K [0x00000000c3a00000, 0x00000000d4f30000, 0x00000000ebe00000)
  object space 283840K, 28% used [0x00000000c3a00000,0x00000000c87d5c08,0x00000000d4f30000)
 PSPermGen       total 21248K, used 10485K [0x00000000be800000, 0x00000000bfcc0000, 0x00000000c3a00000)
  object space 21248K, 49% used [0x00000000be800000,0x00000000bf23d6c0,0x00000000bfcc0000)
GC Heap History (10 events):
Event: 2559.638 GC heap before
{Heap before GC invocations=3491 (full 86):
 PSYoungGen      total 96192K, used 93382K [0x00000000ebe00000, 0x00000000f1d80000, 0x0000000100000000)
  eden space 96064K, 97% used [0x00000000ebe00000,0x00000000f19119f8,0x00000000f1bd0000)
  from space 128K, 100% used [0x00000000f1d40000,0x00000000f1d60000,0x00000000f1d60000)
  to   space 128K, 0% used [0x00000000f1d60000,0x00000000f1d60000,0x00000000f1d80000)
 ParOldGen       total 259776K, used 199277K [0x00000000c3a00000, 0x00000000d37b0000, 0x00000000ebe00000)
  object space 259776K, 76% used [0x00000000c3a00000,0x00000000cfc9b510,0x00000000d37b0000)
 PSPermGen       total 21248K, used 10470K [0x00000000be800000, 0x00000000bfcc0000, 0x00000000c3a00000)
  object space 21248K, 49% used [0x00000000be800000,0x00000000bf239850,0x00000000bfcc0000)
Event: 2559.643 GC heap after
Heap after GC invocations=3491 (full 86):
 PSYoungGen      total 88576K, used 128K [0x00000000ebe00000, 0x00000000f3c10000, 0x0000000100000000)
  eden space 88448K, 0% used [0x00000000ebe00000,0x00000000ebe00000,0x00000000f1460000)
  from space 128K, 100% used [0x00000000f1d60000,0x00000000f1d80000,0x00000000f1d80000)
  to   space 9216K, 0% used [0x00000000f1460000,0x00000000f1460000,0x00000000f1d60000)
 ParOldGen       total 259776K, used 223593K [0x00000000c3a00000, 0x00000000d37b0000, 0x00000000ebe00000)
  object space 259776K, 86% used [0x00000000c3a00000,0x00000000d145a540,0x00000000d37b0000)
 PSPermGen       total 21248K, used 10470K [0x00000000be800000, 0x00000000bfcc0000, 0x00000000c3a00000)
  object space 21248K, 49% used [0x00000000be800000,0x00000000bf239850,0x00000000bfcc0000)
}
Event: 2559.643 GC heap before
{Heap before GC invocations=3492 (full 87):
 PSYoungGen      total 88576K, used 128K [0x00000000ebe00000, 0x00000000f3c10000, 0x0000000100000000)
  eden space 88448K, 0% used [0x00000000ebe00000,0x00000000ebe00000,0x00000000f1460000)
  from space 128K, 100% used [0x00000000f1d60000,0x00000000f1d80000,0x00000000f1d80000)
  to   space 9216K, 0% used [0x00000000f1460000,0x00000000f1460000,0x00000000f1d60000)
 ParOldGen       total 259776K, used 223593K [0x00000000c3a00000, 0x00000000d37b0000, 0x00000000ebe00000)
  object space 259776K, 86% used [0x00000000c3a00000,0x00000000d145a540,0x00000000d37b0000)
 PSPermGen       total 21248K, used 10470K [0x00000000be800000, 0x00000000bfcc0000, 0x00000000c3a00000)
  object space 21248K, 49% used [0x00000000be800000,0x00000000bf239850,0x00000000bfcc0000)
Event: 2559.655 GC heap after
Heap after GC invocations=3492 (full 87):
 PSYoungGen      total 88576K, used 0K [0x00000000ebe00000, 0x00000000f3c10000, 0x0000000100000000)
  eden space 88448K, 0% used [0x00000000ebe00000,0x00000000ebe00000,0x00000000f1460000)
  from space 128K, 0% used [0x00000000f1d60000,0x00000000f1d60000,0x00000000f1d80000)
  to   space 9216K, 0% used [0x00000000f1460000,0x00000000f1460000,0x00000000f1d60000)
 ParOldGen       total 283840K, used 10812K [0x00000000c3a00000, 0x00000000d4f30000, 0x00000000ebe00000)
  object space 283840K, 3% used [0x00000000c3a00000,0x00000000c448f378,0x00000000d4f30000)
 PSPermGen       total 21248K, used 10470K [0x00000000be800000, 0x00000000bfcc0000, 0x00000000c3a00000)
  object space 21248K, 49% used [0x00000000be800000,0x00000000bf239850,0x00000000bfcc0000)
}
Event: 2559.987 GC heap before
{Heap before GC invocations=3493 (full 87):
 PSYoungGen      total 88576K, used 85150K [0x00000000ebe00000, 0x00000000f3c10000, 0x0000000100000000)
  eden space 88448K, 96% used [0x00000000ebe00000,0x00000000f11278f0,0x00000000f1460000)
  from space 128K, 0% used [0x00000000f1d60000,0x00000000f1d60000,0x00000000f1d80000)
  to   space 9216K, 0% used [0x00000000f1460000,0x00000000f1460000,0x00000000f1d60000)
 ParOldGen       total 283840K, used 10812K [0x00000000c3a00000, 0x00000000d4f30000, 0x00000000ebe00000)
  object space 283840K, 3% used [0x00000000c3a00000,0x00000000c448f378,0x00000000d4f30000)
 PSPermGen       total 21248K, used 10470K [0x00000000be800000, 0x00000000bfcc0000, 0x00000000c3a00000)
  object space 21248K, 49% used [0x00000000be800000,0x00000000bf239850,0x00000000bfcc0000)
Event: 2559.995 GC heap after
Heap after GC invocations=3493 (full 87):
 PSYoungGen      total 97664K, used 6235K [0x00000000ebe00000, 0x00000000f3620000, 0x0000000100000000)
  eden space 88448K, 0% used [0x00000000ebe00000,0x00000000ebe00000,0x00000000f1460000)
  from space 9216K, 67% used [0x00000000f1460000,0x00000000f1a76c10,0x00000000f1d60000)
  to   space 9920K, 0% used [0x00000000f2c70000,0x00000000f2c70000,0x00000000f3620000)
 ParOldGen       total 283840K, used 47262K [0x00000000c3a00000, 0x00000000d4f30000, 0x00000000ebe00000)
  object space 283840K, 16% used [0x00000000c3a00000,0x00000000c6827bc8,0x00000000d4f30000)
 PSPermGen       total 21248K, used 10470K [0x00000000be800000, 0x00000000bfcc0000, 0x00000000c3a00000)
  object space 21248K, 49% used [0x00000000be800000,0x00000000bf239850,0x00000000bfcc0000)
}
Event: 2560.340 GC heap before
{Heap before GC invocations=3494 (full 87):
 PSYoungGen      total 97664K, used 91410K [0x00000000ebe00000, 0x00000000f3620000, 0x0000000100000000)
  eden space 88448K, 96% used [0x00000000ebe00000,0x00000000f112dfc0,0x00000000f1460000)
  from space 9216K, 67% used [0x00000000f1460000,0x00000000f1a76c10,0x00000000f1d60000)
  to   space 9920K, 0% used [0x00000000f2c70000,0x00000000f2c70000,0x00000000f3620000)
 ParOldGen       total 283840K, used 47262K [0x00000000c3a00000, 0x00000000d4f30000, 0x00000000ebe00000)
  object space 283840K, 16% used [0x00000000c3a00000,0x00000000c6827bc8,0x00000000d4f30000)
 PSPermGen       total 21248K, used 10470K [0x00000000be800000, 0x00000000bfcc0000, 0x00000000c3a00000)
  object space 21248K, 49% used [0x00000000be800000,0x00000000bf239850,0x00000000bfcc0000)
Event: 2560.347 GC heap after
Heap after GC invocations=3494 (full 87):
 PSYoungGen      total 111808K, used 8228K [0x00000000ebe00000, 0x00000000f3900000, 0x0000000100000000)
  eden space 101888K, 0% used [0x00000000ebe00000,0x00000000ebe00000,0x00000000f2180000)
  from space 9920K, 82% used [0x00000000f2c70000,0x00000000f3479010,0x00000000f3620000)
  to   space 11200K, 0% used [0x00000000f2180000,0x00000000f2180000,0x00000000f2c70000)
 ParOldGen       total 283840K, used 63478K [0x00000000c3a00000, 0x00000000d4f30000, 0x00000000ebe00000)
  object space 283840K, 22% used [0x00000000c3a00000,0x00000000c77fdbe8,0x00000000d4f30000)
 PSPermGen       total 21248K, used 10470K [0x00000000be800000, 0x00000000bfcc0000, 0x00000000c3a00000)
  object space 21248K, 49% used [0x00000000be800000,0x00000000bf239850,0x00000000bfcc0000)
}
Event: 2560.720 GC heap before
{Heap before GC invocations=3495 (full 87):
 PSYoungGen      total 111808K, used 107564K [0x00000000ebe00000, 0x00000000f3900000, 0x0000000100000000)
  eden space 101888K, 97% used [0x00000000ebe00000,0x00000000f1f02150,0x00000000f2180000)
  from space 9920K, 82% used [0x00000000f2c70000,0x00000000f3479010,0x00000000f3620000)
  to   space 11200K, 0% used [0x00000000f2180000,0x00000000f2180000,0x00000000f2c70000)
 ParOldGen       total 283840K, used 63478K [0x00000000c3a00000, 0x00000000d4f30000, 0x00000000ebe00000)
  object space 283840K, 22% used [0x00000000c3a00000,0x00000000c77fdbe8,0x00000000d4f30000)
 PSPermGen       total 21248K, used 10476K [0x00000000be800000, 0x00000000bfcc0000, 0x00000000c3a00000)
  object space 21248K, 49% used [0x00000000be800000,0x00000000bf23b2b0,0x00000000bfcc0000)
Event: 2560.727 GC heap after
Heap after GC invocations=3495 (full 87):
 PSYoungGen      total 113088K, used 8260K [0x00000000ebe00000, 0x00000000f4a60000, 0x0000000100000000)
  eden space 101888K, 0% used [0x00000000ebe00000,0x00000000ebe00000,0x00000000f2180000)
  from space 11200K, 73% used [0x00000000f2180000,0x00000000f2991010,0x00000000f2c70000)
  to   space 12160K, 0% used [0x00000000f3e80000,0x00000000f3e80000,0x00000000f4a60000)
 ParOldGen       total 283840K, used 79703K [0x00000000c3a00000, 0x00000000d4f30000, 0x00000000ebe00000)
  object space 283840K, 28% used [0x00000000c3a00000,0x00000000c87d5c08,0x00000000d4f30000)
 PSPermGen       total 21248K, used 10476K [0x00000000be800000, 0x00000000bfcc0000, 0x00000000c3a00000)
  object space 21248K, 49% used [0x00000000be800000,0x00000000bf23b2b0,0x00000000bfcc0000)
}

