# JRE version: 7.0_11-b21
# Java VM: Java HotSpot(TM) 64-Bit Server VM (23.6-b04 mixed mode windows-amd64 compressed oops)
Heap
 PSYoungGen      total 329088K, used 286149K [0x00000000ebe00000, 0x00000000fffe0000, 0x0000000100000000)
  eden space 328704K, 86% used [0x00000000ebe00000,0x00000000fd539658,0x00000000fff00000)
  from space 384K, 58% used [0x00000000fff80000,0x00000000fffb8000,0x00000000fffe0000)
  to   space 448K, 0% used [0x00000000fff00000,0x00000000fff00000,0x00000000fff70000)
 ParOldGen       total 328576K, used 79596K [0x00000000c3a00000, 0x00000000d7ae0000, 0x00000000ebe00000)
  object space 328576K, 24% used [0x00000000c3a00000,0x00000000c87bb2a0,0x00000000d7ae0000)
 PSPermGen       total 21248K, used 10422K [0x00000000be800000, 0x00000000bfcc0000, 0x00000000c3a00000)
  object space 21248K, 49% used [0x00000000be800000,0x00000000bf22d938,0x00000000bfcc0000)
GC Heap History (10 events):
Event: 89.691 GC heap before
{Heap before GC invocations=191 (full 12):
 PSYoungGen      total 329216K, used 326712K [0x00000000ebe00000, 0x0000000100000000, 0x0000000100000000)
  eden space 328832K, 99% used [0x00000000ebe00000,0x00000000ffcb6048,0x00000000fff20000)
  from space 384K, 91% used [0x00000000fffa0000,0x00000000ffff8000,0x0000000100000000)
  to   space 448K, 0% used [0x00000000fff20000,0x00000000fff20000,0x00000000fff90000)
 ParOldGen       total 300608K, used 247758K [0x00000000c3a00000, 0x00000000d5f90000, 0x00000000ebe00000)
  object space 300608K, 82% used [0x00000000c3a00000,0x00000000d2bf3950,0x00000000d5f90000)
 PSPermGen       total 21248K, used 10398K [0x00000000be800000, 0x00000000bfcc0000, 0x00000000c3a00000)
  object space 21248K, 48% used [0x00000000be800000,0x00000000bf227900,0x00000000bfcc0000)
Event: 89.698 GC heap after
Heap after GC invocations=191 (full 12):
 PSYoungGen      total 329280K, used 384K [0x00000000ebe00000, 0x0000000100000000, 0x0000000100000000)
  eden space 328832K, 0% used [0x00000000ebe00000,0x00000000ebe00000,0x00000000fff20000)
  from space 448K, 85% used [0x00000000fff20000,0x00000000fff80000,0x00000000fff90000)
  to   space 448K, 0% used [0x00000000fff90000,0x00000000fff90000,0x0000000100000000)
 ParOldGen       total 300608K, used 272058K [0x00000000c3a00000, 0x00000000d5f90000, 0x00000000ebe00000)
  object space 300608K, 90% used [0x00000000c3a00000,0x00000000d43ae980,0x00000000d5f90000)
 PSPermGen       total 21248K, used 10398K [0x00000000be800000, 0x00000000bfcc0000, 0x00000000c3a00000)
  object space 21248K, 48% used [0x00000000be800000,0x00000000bf227900,0x00000000bfcc0000)
}
Event: 89.698 GC heap before
{Heap before GC invocations=192 (full 13):
 PSYoungGen      total 329280K, used 384K [0x00000000ebe00000, 0x0000000100000000, 0x0000000100000000)
  eden space 328832K, 0% used [0x00000000ebe00000,0x00000000ebe00000,0x00000000fff20000)
  from space 448K, 85% used [0x00000000fff20000,0x00000000fff80000,0x00000000fff90000)
  to   space 448K, 0% used [0x00000000fff90000,0x00000000fff90000,0x0000000100000000)
 ParOldGen       total 300608K, used 272058K [0x00000000c3a00000, 0x00000000d5f90000, 0x00000000ebe00000)
  object space 300608K, 90% used [0x00000000c3a00000,0x00000000d43ae980,0x00000000d5f90000)
 PSPermGen       total 21248K, used 10398K [0x00000000be800000, 0x00000000bfcc0000, 0x00000000c3a00000)
  object space 21248K, 48% used [0x00000000be800000,0x00000000bf227900,0x00000000bfcc0000)
Event: 89.713 GC heap after
Heap after GC invocations=192 (full 13):
 PSYoungGen      total 329280K, used 0K [0x00000000ebe00000, 0x0000000100000000, 0x0000000100000000)
  eden space 328832K, 0% used [0x00000000ebe00000,0x00000000ebe00000,0x00000000fff20000)
  from space 448K, 0% used [0x00000000fff20000,0x00000000fff20000,0x00000000fff90000)
  to   space 448K, 0% used [0x00000000fff90000,0x00000000fff90000,0x0000000100000000)
 ParOldGen       total 328576K, used 10746K [0x00000000c3a00000, 0x00000000d7ae0000, 0x00000000ebe00000)
  object space 328576K, 3% used [0x00000000c3a00000,0x00000000c447ea10,0x00000000d7ae0000)
 PSPermGen       total 21248K, used 10398K [0x00000000be800000, 0x00000000bfcc0000, 0x00000000c3a00000)
  object space 21248K, 48% used [0x00000000be800000,0x00000000bf227900,0x00000000bfcc0000)
}
Event: 91.010 GC heap before
{Heap before GC invocations=193 (full 13):
 PSYoungGen      total 329280K, used 326363K [0x00000000ebe00000, 0x0000000100000000, 0x0000000100000000)
  eden space 328832K, 99% used [0x00000000ebe00000,0x00000000ffcb6fb8,0x00000000fff20000)
  from space 448K, 0% used [0x00000000fff20000,0x00000000fff20000,0x00000000fff90000)
  to   space 448K, 0% used [0x00000000fff90000,0x00000000fff90000,0x0000000100000000)
 ParOldGen       total 328576K, used 10746K [0x00000000c3a00000, 0x00000000d7ae0000, 0x00000000ebe00000)
  object space 328576K, 3% used [0x00000000c3a00000,0x00000000c447ea10,0x00000000d7ae0000)
 PSPermGen       total 21248K, used 10401K [0x00000000be800000, 0x00000000bfcc0000, 0x00000000c3a00000)
  object space 21248K, 48% used [0x00000000be800000,0x00000000bf2286b8,0x00000000bfcc0000)
Event: 91.016 GC heap after
Heap after GC invocations=193 (full 13):
 PSYoungGen      total 329152K, used 96K [0x00000000ebe00000, 0x0000000100000000, 0x0000000100000000)
  eden space 328704K, 0% used [0x00000000ebe00000,0x00000000ebe00000,0x00000000fff00000)
  from space 448K, 21% used [0x00000000fff90000,0x00000000fffa8000,0x0000000100000000)
  to   space 512K, 0% used [0x00000000fff00000,0x00000000fff00000,0x00000000fff80000)
 ParOldGen       total 328576K, used 30996K [0x00000000c3a00000, 0x00000000d7ae0000, 0x00000000ebe00000)
  object space 328576K, 9% used [0x00000000c3a00000,0x00000000c5845240,0x00000000d7ae0000)
 PSPermGen       total 21248K, used 10401K [0x00000000be800000, 0x00000000bfcc0000, 0x00000000c3a00000)
  object space 21248K, 48% used [0x00000000be800000,0x00000000bf2286b8,0x00000000bfcc0000)
}
Event: 92.275 GC heap before
{Heap before GC invocations=194 (full 13):
 PSYoungGen      total 329152K, used 326454K [0x00000000ebe00000, 0x0000000100000000, 0x0000000100000000)
  eden space 328704K, 99% used [0x00000000ebe00000,0x00000000ffcb5840,0x00000000fff00000)
  from space 448K, 21% used [0x00000000fff90000,0x00000000fffa8000,0x0000000100000000)
  to   space 512K, 0% used [0x00000000fff00000,0x00000000fff00000,0x00000000fff80000)
 ParOldGen       total 328576K, used 30996K [0x00000000c3a00000, 0x00000000d7ae0000, 0x00000000ebe00000)
  object space 328576K, 9% used [0x00000000c3a00000,0x00000000c5845240,0x00000000d7ae0000)
 PSPermGen       total 21248K, used 10404K [0x00000000be800000, 0x00000000bfcc0000, 0x00000000c3a00000)
  object space 21248K, 48% used [0x00000000be800000,0x00000000bf229068,0x00000000bfcc0000)
Event: 92.278 GC heap after
Heap after GC invocations=194 (full 13):
 PSYoungGen      total 329216K, used 192K [0x00000000ebe00000, 0x0000000100000000, 0x0000000100000000)
  eden space 328704K, 0% used [0x00000000ebe00000,0x00000000ebe00000,0x00000000fff00000)
  from space 512K, 37% used [0x00000000fff00000,0x00000000fff30000,0x00000000fff80000)
  to   space 512K, 0% used [0x00000000fff80000,0x00000000fff80000,0x0000000100000000)
 ParOldGen       total 328576K, used 55296K [0x00000000c3a00000, 0x00000000d7ae0000, 0x00000000ebe00000)
  object space 328576K, 16% used [0x00000000c3a00000,0x00000000c7000270,0x00000000d7ae0000)
 PSPermGen       total 21248K, used 10404K [0x00000000be800000, 0x00000000bfcc0000, 0x00000000c3a00000)
  object space 21248K, 48% used [0x00000000be800000,0x00000000bf229068,0x00000000bfcc0000)
}
Event: 93.540 GC heap before
{Heap before GC invocations=195 (full 13):
 PSYoungGen      total 329216K, used 326549K [0x00000000ebe00000, 0x0000000100000000, 0x0000000100000000)
  eden space 328704K, 99% used [0x00000000ebe00000,0x00000000ffcb56f0,0x00000000fff00000)
  from space 512K, 37% used [0x00000000fff00000,0x00000000fff30000,0x00000000fff80000)
  to   space 512K, 0% used [0x00000000fff80000,0x00000000fff80000,0x0000000100000000)
 ParOldGen       total 328576K, used 55296K [0x00000000c3a00000, 0x00000000d7ae0000, 0x00000000ebe00000)
  object space 328576K, 16% used [0x00000000c3a00000,0x00000000c7000270,0x00000000d7ae0000)
 PSPermGen       total 21248K, used 10404K [0x00000000be800000, 0x00000000bfcc0000, 0x00000000c3a00000)
  object space 21248K, 48% used [0x00000000be800000,0x00000000bf229378,0x00000000bfcc0000)
Event: 93.544 GC heap after
Heap after GC invocations=195 (full 13):
 PSYoungGen      total 329088K, used 224K [0x00000000ebe00000, 0x00000000fffe0000, 0x0000000100000000)
  eden space 328704K, 0% used [0x00000000ebe00000,0x00000000ebe00000,0x00000000fff00000)
  from space 384K, 58% used [0x00000000fff80000,0x00000000fffb8000,0x00000000fffe0000)
  to   space 448K, 0% used [0x00000000fff00000,0x00000000fff00000,0x00000000fff70000)
 ParOldGen       total 328576K, used 79596K [0x00000000c3a00000, 0x00000000d7ae0000, 0x00000000ebe00000)
  object space 328576K, 24% used [0x00000000c3a00000,0x00000000c87bb2a0,0x00000000d7ae0000)
 PSPermGen       total 21248K, used 10404K [0x00000000be800000, 0x00000000bfcc0000, 0x00000000c3a00000)
  object space 21248K, 48% used [0x00000000be800000,0x00000000bf229378,0x00000000bfcc0000)
}

