# JRE version: 7.0_11-b21
# Java VM: Java HotSpot(TM) 64-Bit Server VM (23.6-b04 mixed mode windows-amd64 compressed oops)
Heap
 PSYoungGen      total 220864K, used 45344K [0x00000000ebe00000, 0x00000000f9810000, 0x0000000100000000)
  eden space 220480K, 20% used [0x00000000ebe00000,0x00000000ee9f8160,0x00000000f9550000)
  from space 384K, 83% used [0x00000000f9550000,0x00000000f95a0000,0x00000000f95b0000)
  to   space 384K, 0% used [0x00000000f97b0000,0x00000000f97b0000,0x00000000f9810000)
 ParOldGen       total 221888K, used 53185K [0x00000000c3a00000, 0x00000000d12b0000, 0x00000000ebe00000)
  object space 221888K, 23% used [0x00000000c3a00000,0x00000000c6df0740,0x00000000d12b0000)
 PSPermGen       total 21248K, used 10358K [0x00000000be800000, 0x00000000bfcc0000, 0x00000000c3a00000)
  object space 21248K, 48% used [0x00000000be800000,0x00000000bf21d940,0x00000000bfcc0000)
GC Heap History (10 events):
Event: 37.296 GC heap before
{Heap before GC invocations=68 (full 11):
 PSYoungGen      total 214656K, used 213124K [0x00000000ebe00000, 0x00000000f90c0000, 0x0000000100000000)
  eden space 214400K, 99% used [0x00000000ebe00000,0x00000000f8de1278,0x00000000f8f60000)
  from space 256K, 100% used [0x00000000f9080000,0x00000000f90c0000,0x00000000f90c0000)
  to   space 384K, 0% used [0x00000000f9000000,0x00000000f9000000,0x00000000f9060000)
 ParOldGen       total 221888K, used 53185K [0x00000000c3a00000, 0x00000000d12b0000, 0x00000000ebe00000)
  object space 221888K, 23% used [0x00000000c3a00000,0x00000000c6df0740,0x00000000d12b0000)
 PSPermGen       total 21248K, used 10328K [0x00000000be800000, 0x00000000bfcc0000, 0x00000000c3a00000)
  object space 21248K, 48% used [0x00000000be800000,0x00000000bf216018,0x00000000bfcc0000)
Event: 37.297 GC heap after
Heap after GC invocations=68 (full 11):
 PSYoungGen      total 215424K, used 224K [0x00000000ebe00000, 0x00000000f93a0000, 0x0000000100000000)
  eden space 215040K, 0% used [0x00000000ebe00000,0x00000000ebe00000,0x00000000f9000000)
  from space 384K, 58% used [0x00000000f9000000,0x00000000f9038000,0x00000000f9060000)
  to   space 384K, 0% used [0x00000000f9340000,0x00000000f9340000,0x00000000f93a0000)
 ParOldGen       total 221888K, used 53185K [0x00000000c3a00000, 0x00000000d12b0000, 0x00000000ebe00000)
  object space 221888K, 23% used [0x00000000c3a00000,0x00000000c6df0740,0x00000000d12b0000)
 PSPermGen       total 21248K, used 10328K [0x00000000be800000, 0x00000000bfcc0000, 0x00000000c3a00000)
  object space 21248K, 48% used [0x00000000be800000,0x00000000bf216018,0x00000000bfcc0000)
}
Event: 38.396 GC heap before
{Heap before GC invocations=69 (full 11):
 PSYoungGen      total 215424K, used 213056K [0x00000000ebe00000, 0x00000000f93a0000, 0x0000000100000000)
  eden space 215040K, 98% used [0x00000000ebe00000,0x00000000f8dd8238,0x00000000f9000000)
  from space 384K, 58% used [0x00000000f9000000,0x00000000f9038000,0x00000000f9060000)
  to   space 384K, 0% used [0x00000000f9340000,0x00000000f9340000,0x00000000f93a0000)
 ParOldGen       total 221888K, used 53185K [0x00000000c3a00000, 0x00000000d12b0000, 0x00000000ebe00000)
  object space 221888K, 23% used [0x00000000c3a00000,0x00000000c6df0740,0x00000000d12b0000)
 PSPermGen       total 21248K, used 10328K [0x00000000be800000, 0x00000000bfcc0000, 0x00000000c3a00000)
  object space 21248K, 48% used [0x00000000be800000,0x00000000bf216018,0x00000000bfcc0000)
Event: 38.397 GC heap after
Heap after GC invocations=69 (full 11):
 PSYoungGen      total 218368K, used 224K [0x00000000ebe00000, 0x00000000f93b0000, 0x0000000100000000)
  eden space 217984K, 0% used [0x00000000ebe00000,0x00000000ebe00000,0x00000000f92e0000)
  from space 384K, 58% used [0x00000000f9340000,0x00000000f9378000,0x00000000f93a0000)
  to   space 384K, 0% used [0x00000000f92e0000,0x00000000f92e0000,0x00000000f9340000)
 ParOldGen       total 221888K, used 53185K [0x00000000c3a00000, 0x00000000d12b0000, 0x00000000ebe00000)
  object space 221888K, 23% used [0x00000000c3a00000,0x00000000c6df0740,0x00000000d12b0000)
 PSPermGen       total 21248K, used 10328K [0x00000000be800000, 0x00000000bfcc0000, 0x00000000c3a00000)
  object space 21248K, 48% used [0x00000000be800000,0x00000000bf216018,0x00000000bfcc0000)
}
Event: 39.583 GC heap before
{Heap before GC invocations=70 (full 11):
 PSYoungGen      total 218368K, used 213431K [0x00000000ebe00000, 0x00000000f93b0000, 0x0000000100000000)
  eden space 217984K, 97% used [0x00000000ebe00000,0x00000000f8e35e00,0x00000000f92e0000)
  from space 384K, 58% used [0x00000000f9340000,0x00000000f9378000,0x00000000f93a0000)
  to   space 384K, 0% used [0x00000000f92e0000,0x00000000f92e0000,0x00000000f9340000)
 ParOldGen       total 221888K, used 53185K [0x00000000c3a00000, 0x00000000d12b0000, 0x00000000ebe00000)
  object space 221888K, 23% used [0x00000000c3a00000,0x00000000c6df0740,0x00000000d12b0000)
 PSPermGen       total 21248K, used 10339K [0x00000000be800000, 0x00000000bfcc0000, 0x00000000c3a00000)
  object space 21248K, 48% used [0x00000000be800000,0x00000000bf218eb0,0x00000000bfcc0000)
Event: 39.584 GC heap after
Heap after GC invocations=70 (full 11):
 PSYoungGen      total 218368K, used 256K [0x00000000ebe00000, 0x00000000f9620000, 0x0000000100000000)
  eden space 217984K, 0% used [0x00000000ebe00000,0x00000000ebe00000,0x00000000f92e0000)
  from space 384K, 66% used [0x00000000f92e0000,0x00000000f9320000,0x00000000f9340000)
  to   space 384K, 0% used [0x00000000f95c0000,0x00000000f95c0000,0x00000000f9620000)
 ParOldGen       total 221888K, used 53185K [0x00000000c3a00000, 0x00000000d12b0000, 0x00000000ebe00000)
  object space 221888K, 23% used [0x00000000c3a00000,0x00000000c6df0740,0x00000000d12b0000)
 PSPermGen       total 21248K, used 10339K [0x00000000be800000, 0x00000000bfcc0000, 0x00000000c3a00000)
  object space 21248K, 48% used [0x00000000be800000,0x00000000bf218eb0,0x00000000bfcc0000)
}
Event: 40.474 GC heap before
{Heap before GC invocations=71 (full 11):
 PSYoungGen      total 218368K, used 213307K [0x00000000ebe00000, 0x00000000f9620000, 0x0000000100000000)
  eden space 217984K, 97% used [0x00000000ebe00000,0x00000000f8e0ee98,0x00000000f92e0000)
  from space 384K, 66% used [0x00000000f92e0000,0x00000000f9320000,0x00000000f9340000)
  to   space 384K, 0% used [0x00000000f95c0000,0x00000000f95c0000,0x00000000f9620000)
 ParOldGen       total 221888K, used 53185K [0x00000000c3a00000, 0x00000000d12b0000, 0x00000000ebe00000)
  object space 221888K, 23% used [0x00000000c3a00000,0x00000000c6df0740,0x00000000d12b0000)
 PSPermGen       total 21248K, used 10341K [0x00000000be800000, 0x00000000bfcc0000, 0x00000000c3a00000)
  object space 21248K, 48% used [0x00000000be800000,0x00000000bf219568,0x00000000bfcc0000)
Event: 40.475 GC heap after
Heap after GC invocations=71 (full 11):
 PSYoungGen      total 220608K, used 288K [0x00000000ebe00000, 0x00000000f9610000, 0x0000000100000000)
  eden space 220288K, 0% used [0x00000000ebe00000,0x00000000ebe00000,0x00000000f9520000)
  from space 320K, 90% used [0x00000000f95c0000,0x00000000f9608000,0x00000000f9610000)
  to   space 384K, 0% used [0x00000000f9550000,0x00000000f9550000,0x00000000f95b0000)
 ParOldGen       total 221888K, used 53185K [0x00000000c3a00000, 0x00000000d12b0000, 0x00000000ebe00000)
  object space 221888K, 23% used [0x00000000c3a00000,0x00000000c6df0740,0x00000000d12b0000)
 PSPermGen       total 21248K, used 10341K [0x00000000be800000, 0x00000000bfcc0000, 0x00000000c3a00000)
  object space 21248K, 48% used [0x00000000be800000,0x00000000bf219568,0x00000000bfcc0000)
}
Event: 41.265 GC heap before
{Heap before GC invocations=72 (full 11):
 PSYoungGen      total 220608K, used 215498K [0x00000000ebe00000, 0x00000000f9610000, 0x0000000100000000)
  eden space 220288K, 97% used [0x00000000ebe00000,0x00000000f902aa40,0x00000000f9520000)
  from space 320K, 90% used [0x00000000f95c0000,0x00000000f9608000,0x00000000f9610000)
  to   space 384K, 0% used [0x00000000f9550000,0x00000000f9550000,0x00000000f95b0000)
 ParOldGen       total 221888K, used 53185K [0x00000000c3a00000, 0x00000000d12b0000, 0x00000000ebe00000)
  object space 221888K, 23% used [0x00000000c3a00000,0x00000000c6df0740,0x00000000d12b0000)
 PSPermGen       total 21248K, used 10349K [0x00000000be800000, 0x00000000bfcc0000, 0x00000000c3a00000)
  object space 21248K, 48% used [0x00000000be800000,0x00000000bf21b450,0x00000000bfcc0000)
Event: 41.266 GC heap after
Heap after GC invocations=72 (full 11):
 PSYoungGen      total 220864K, used 320K [0x00000000ebe00000, 0x00000000f9810000, 0x0000000100000000)
  eden space 220480K, 0% used [0x00000000ebe00000,0x00000000ebe00000,0x00000000f9550000)
  from space 384K, 83% used [0x00000000f9550000,0x00000000f95a0000,0x00000000f95b0000)
  to   space 384K, 0% used [0x00000000f97b0000,0x00000000f97b0000,0x00000000f9810000)
 ParOldGen       total 221888K, used 53185K [0x00000000c3a00000, 0x00000000d12b0000, 0x00000000ebe00000)
  object space 221888K, 23% used [0x00000000c3a00000,0x00000000c6df0740,0x00000000d12b0000)
 PSPermGen       total 21248K, used 10349K [0x00000000be800000, 0x00000000bfcc0000, 0x00000000c3a00000)
  object space 21248K, 48% used [0x00000000be800000,0x00000000bf21b450,0x00000000bfcc0000)
}

