# JRE version: 7.0_11-b21
# Java VM: Java HotSpot(TM) 64-Bit Server VM (23.6-b04 mixed mode windows-amd64 compressed oops)
Heap
 PSYoungGen      total 160512K, used 50457K [0x00000000ebe00000, 0x00000000f6190000, 0x0000000100000000)
  eden space 160128K, 31% used [0x00000000ebe00000,0x00000000eef2e598,0x00000000f5a60000)
  from space 384K, 25% used [0x00000000f5a60000,0x00000000f5a78000,0x00000000f5ac0000)
  to   space 384K, 0% used [0x00000000f6130000,0x00000000f6130000,0x00000000f6190000)
 ParOldGen       total 164288K, used 33118K [0x00000000c3a00000, 0x00000000cda70000, 0x00000000ebe00000)
  object space 164288K, 20% used [0x00000000c3a00000,0x00000000c5a57af8,0x00000000cda70000)
 PSPermGen       total 21248K, used 10380K [0x00000000be800000, 0x00000000bfcc0000, 0x00000000c3a00000)
  object space 21248K, 48% used [0x00000000be800000,0x00000000bf2232e0,0x00000000bfcc0000)
GC Heap History (10 events):
Event: 80.342 GC heap before
{Heap before GC invocations=158 (full 6):
 PSYoungGen      total 154816K, used 150213K [0x00000000ebe00000, 0x00000000f57e0000, 0x0000000100000000)
  eden space 154496K, 97% used [0x00000000ebe00000,0x00000000f5079488,0x00000000f54e0000)
  from space 320K, 70% used [0x00000000f54e0000,0x00000000f5518000,0x00000000f5530000)
  to   space 320K, 0% used [0x00000000f5790000,0x00000000f5790000,0x00000000f57e0000)
 ParOldGen       total 133824K, used 53230K [0x00000000c3a00000, 0x00000000cbcb0000, 0x00000000ebe00000)
  object space 133824K, 39% used [0x00000000c3a00000,0x00000000c6dfba78,0x00000000cbcb0000)
 PSPermGen       total 21248K, used 10361K [0x00000000be800000, 0x00000000bfcc0000, 0x00000000c3a00000)
  object space 21248K, 48% used [0x00000000be800000,0x00000000bf21e5c0,0x00000000bfcc0000)
Event: 80.346 GC heap after
Heap after GC invocations=158 (full 6):
 PSYoungGen      total 157184K, used 256K [0x00000000ebe00000, 0x00000000f58a0000, 0x0000000100000000)
  eden space 156864K, 0% used [0x00000000ebe00000,0x00000000ebe00000,0x00000000f5730000)
  from space 320K, 80% used [0x00000000f5790000,0x00000000f57d0000,0x00000000f57e0000)
  to   space 384K, 0% used [0x00000000f5730000,0x00000000f5730000,0x00000000f5790000)
 ParOldGen       total 133824K, used 77530K [0x00000000c3a00000, 0x00000000cbcb0000, 0x00000000ebe00000)
  object space 133824K, 57% used [0x00000000c3a00000,0x00000000c85b6aa8,0x00000000cbcb0000)
 PSPermGen       total 21248K, used 10361K [0x00000000be800000, 0x00000000bfcc0000, 0x00000000c3a00000)
  object space 21248K, 48% used [0x00000000be800000,0x00000000bf21e5c0,0x00000000bfcc0000)
}
Event: 81.055 GC heap before
{Heap before GC invocations=159 (full 6):
 PSYoungGen      total 157184K, used 156330K [0x00000000ebe00000, 0x00000000f58a0000, 0x0000000100000000)
  eden space 156864K, 99% used [0x00000000ebe00000,0x00000000f566a838,0x00000000f5730000)
  from space 320K, 80% used [0x00000000f5790000,0x00000000f57d0000,0x00000000f57e0000)
  to   space 384K, 0% used [0x00000000f5730000,0x00000000f5730000,0x00000000f5790000)
 ParOldGen       total 133824K, used 77530K [0x00000000c3a00000, 0x00000000cbcb0000, 0x00000000ebe00000)
  object space 133824K, 57% used [0x00000000c3a00000,0x00000000c85b6aa8,0x00000000cbcb0000)
 PSPermGen       total 21248K, used 10362K [0x00000000be800000, 0x00000000bfcc0000, 0x00000000c3a00000)
  object space 21248K, 48% used [0x00000000be800000,0x00000000bf21e858,0x00000000bfcc0000)
Event: 81.058 GC heap after
Heap after GC invocations=159 (full 6):
 PSYoungGen      total 157248K, used 224K [0x00000000ebe00000, 0x00000000f5b20000, 0x0000000100000000)
  eden space 156864K, 0% used [0x00000000ebe00000,0x00000000ebe00000,0x00000000f5730000)
  from space 384K, 58% used [0x00000000f5730000,0x00000000f5768000,0x00000000f5790000)
  to   space 384K, 0% used [0x00000000f5ac0000,0x00000000f5ac0000,0x00000000f5b20000)
 ParOldGen       total 133824K, used 93730K [0x00000000c3a00000, 0x00000000cbcb0000, 0x00000000ebe00000)
  object space 133824K, 70% used [0x00000000c3a00000,0x00000000c9588ac8,0x00000000cbcb0000)
 PSPermGen       total 21248K, used 10362K [0x00000000be800000, 0x00000000bfcc0000, 0x00000000c3a00000)
  object space 21248K, 48% used [0x00000000be800000,0x00000000bf21e858,0x00000000bfcc0000)
}
Event: 81.750 GC heap before
{Heap before GC invocations=160 (full 6):
 PSYoungGen      total 157248K, used 156335K [0x00000000ebe00000, 0x00000000f5b20000, 0x0000000100000000)
  eden space 156864K, 99% used [0x00000000ebe00000,0x00000000f5673f20,0x00000000f5730000)
  from space 384K, 58% used [0x00000000f5730000,0x00000000f5768000,0x00000000f5790000)
  to   space 384K, 0% used [0x00000000f5ac0000,0x00000000f5ac0000,0x00000000f5b20000)
 ParOldGen       total 133824K, used 93730K [0x00000000c3a00000, 0x00000000cbcb0000, 0x00000000ebe00000)
  object space 133824K, 70% used [0x00000000c3a00000,0x00000000c9588ac8,0x00000000cbcb0000)
 PSPermGen       total 21248K, used 10364K [0x00000000be800000, 0x00000000bfcc0000, 0x00000000c3a00000)
  object space 21248K, 48% used [0x00000000be800000,0x00000000bf21f250,0x00000000bfcc0000)
Event: 81.758 GC heap after
Heap after GC invocations=160 (full 6):
 PSYoungGen      total 160512K, used 256K [0x00000000ebe00000, 0x00000000f5cb0000, 0x0000000100000000)
  eden space 160128K, 0% used [0x00000000ebe00000,0x00000000ebe00000,0x00000000f5a60000)
  from space 384K, 66% used [0x00000000f5ac0000,0x00000000f5b00000,0x00000000f5b20000)
  to   space 384K, 0% used [0x00000000f5a60000,0x00000000f5a60000,0x00000000f5ac0000)
 ParOldGen       total 133824K, used 118030K [0x00000000c3a00000, 0x00000000cbcb0000, 0x00000000ebe00000)
  object space 133824K, 88% used [0x00000000c3a00000,0x00000000cad43af8,0x00000000cbcb0000)
 PSPermGen       total 21248K, used 10364K [0x00000000be800000, 0x00000000bfcc0000, 0x00000000c3a00000)
  object space 21248K, 48% used [0x00000000be800000,0x00000000bf21f250,0x00000000bfcc0000)
}
Event: 81.758 GC heap before
{Heap before GC invocations=161 (full 7):
 PSYoungGen      total 160512K, used 256K [0x00000000ebe00000, 0x00000000f5cb0000, 0x0000000100000000)
  eden space 160128K, 0% used [0x00000000ebe00000,0x00000000ebe00000,0x00000000f5a60000)
  from space 384K, 66% used [0x00000000f5ac0000,0x00000000f5b00000,0x00000000f5b20000)
  to   space 384K, 0% used [0x00000000f5a60000,0x00000000f5a60000,0x00000000f5ac0000)
 ParOldGen       total 133824K, used 118030K [0x00000000c3a00000, 0x00000000cbcb0000, 0x00000000ebe00000)
  object space 133824K, 88% used [0x00000000c3a00000,0x00000000cad43af8,0x00000000cbcb0000)
 PSPermGen       total 21248K, used 10364K [0x00000000be800000, 0x00000000bfcc0000, 0x00000000c3a00000)
  object space 21248K, 48% used [0x00000000be800000,0x00000000bf21f250,0x00000000bfcc0000)
Event: 81.773 GC heap after
Heap after GC invocations=161 (full 7):
 PSYoungGen      total 160512K, used 0K [0x00000000ebe00000, 0x00000000f5cb0000, 0x0000000100000000)
  eden space 160128K, 0% used [0x00000000ebe00000,0x00000000ebe00000,0x00000000f5a60000)
  from space 384K, 0% used [0x00000000f5ac0000,0x00000000f5ac0000,0x00000000f5b20000)
  to   space 384K, 0% used [0x00000000f5a60000,0x00000000f5a60000,0x00000000f5ac0000)
 ParOldGen       total 164288K, used 10843K [0x00000000c3a00000, 0x00000000cda70000, 0x00000000ebe00000)
  object space 164288K, 6% used [0x00000000c3a00000,0x00000000c4496ec8,0x00000000cda70000)
 PSPermGen       total 21248K, used 10364K [0x00000000be800000, 0x00000000bfcc0000, 0x00000000c3a00000)
  object space 21248K, 48% used [0x00000000be800000,0x00000000bf21f230,0x00000000bfcc0000)
}
Event: 82.409 GC heap before
{Heap before GC invocations=162 (full 7):
 PSYoungGen      total 160512K, used 156124K [0x00000000ebe00000, 0x00000000f5cb0000, 0x0000000100000000)
  eden space 160128K, 97% used [0x00000000ebe00000,0x00000000f5677398,0x00000000f5a60000)
  from space 384K, 0% used [0x00000000f5ac0000,0x00000000f5ac0000,0x00000000f5b20000)
  to   space 384K, 0% used [0x00000000f5a60000,0x00000000f5a60000,0x00000000f5ac0000)
 ParOldGen       total 164288K, used 10843K [0x00000000c3a00000, 0x00000000cda70000, 0x00000000ebe00000)
  object space 164288K, 6% used [0x00000000c3a00000,0x00000000c4496ec8,0x00000000cda70000)
 PSPermGen       total 21248K, used 10371K [0x00000000be800000, 0x00000000bfcc0000, 0x00000000c3a00000)
  object space 21248K, 48% used [0x00000000be800000,0x00000000bf220ed0,0x00000000bfcc0000)
Event: 82.414 GC heap after
Heap after GC invocations=162 (full 7):
 PSYoungGen      total 160512K, used 96K [0x00000000ebe00000, 0x00000000f6190000, 0x0000000100000000)
  eden space 160128K, 0% used [0x00000000ebe00000,0x00000000ebe00000,0x00000000f5a60000)
  from space 384K, 25% used [0x00000000f5a60000,0x00000000f5a78000,0x00000000f5ac0000)
  to   space 384K, 0% used [0x00000000f6130000,0x00000000f6130000,0x00000000f6190000)
 ParOldGen       total 164288K, used 33118K [0x00000000c3a00000, 0x00000000cda70000, 0x00000000ebe00000)
  object space 164288K, 20% used [0x00000000c3a00000,0x00000000c5a57af8,0x00000000cda70000)
 PSPermGen       total 21248K, used 10371K [0x00000000be800000, 0x00000000bfcc0000, 0x00000000c3a00000)
  object space 21248K, 48% used [0x00000000be800000,0x00000000bf220ed0,0x00000000bfcc0000)
}

